Epoch 20000/20000
53439/53439 - 0s - loss: 0.6043 - accuracy: 0.7688
0 . finalna predikcia =  [0.000 0.000 0.000 0.000 1.000] skutocnost =  [0.000 0.000 0.000 0.000 1.000]  predikcia =  [0.000 0.001 0.050 0.073 0.875]  USPECH
1 . finalna predikcia =  [0.000 0.000 0.000 1.000 0.000] skutocnost =  [0.000 0.000 0.000 1.000 0.000]  predikcia =  [0.002 0.005 0.139 0.703 0.151]  USPECH
2 . finalna predikcia =  [0.000 0.000 0.000 0.000 1.000] skutocnost =  [0.000 0.000 0.000 0.000 1.000]  predikcia =  [0.000 0.012 0.257 0.000 0.730]  USPECH
3 . finalna predikcia =  [1.000 0.000 0.000 0.000 0.000] skutocnost =  [1.000 0.000 0.000 0.000 0.000]  predikcia =  [0.999 0.001 0.000 0.000 0.000]  USPECH
4 . finalna predikcia =  [0.000 0.000 0.000 0.000 1.000] skutocnost =  [0.000 0.000 1.000 0.000 0.000]  predikcia =  [0.000 0.002 0.361 0.002 0.635]  CHYBA
5 . finalna predikcia =  [0.000 0.000 0.000 1.000 0.000] skutocnost =  [0.000 0.000 0.000 1.000 0.000]  predikcia =  [0.003 0.033 0.158 0.786 0.020]  USPECH
6 . finalna predikcia =  [0.000 0.000 0.000 1.000 0.000] skutocnost =  [0.000 0.000 0.000 1.000 0.000]  predikcia =  [0.001 0.005 0.095 0.858 0.041]  USPECH
7 . finalna predikcia =  [0.000 0.000 1.000 0.000 0.000] skutocnost =  [0.000 0.000 1.000 0.000 0.000]  predikcia =  [0.001 0.091 0.544 0.339 0.024]  USPECH
8 . finalna predikcia =  [1.000 0.000 0.000 0.000 0.000] skutocnost =  [1.000 0.000 0.000 0.000 0.000]  predikcia =  [0.836 0.106 0.004 0.000 0.054]  USPECH
9 . finalna predikcia =  [0.000 0.000 1.000 0.000 0.000] skutocnost =  [0.000 1.000 0.000 0.000 0.000]  predikcia =  [0.001 0.294 0.702 0.000 0.003]  CHYBA
10 . finalna predikcia =  [0.000 0.000 0.000 1.000 0.000] skutocnost =  [0.000 0.000 0.000 1.000 0.000]  predikcia =  [0.000 0.007 0.226 0.593 0.173]  USPECH
11 . finalna predikcia =  [0.000 0.000 0.000 1.000 0.000] skutocnost =  [0.000 0.000 0.000 1.000 0.000]  predikcia =  [0.001 0.003 0.167 0.813 0.017]  USPECH
12 . finalna predikcia =  [0.000 0.000 0.000 0.000 1.000] skutocnost =  [0.000 0.000 0.000 0.000 1.000]  predikcia =  [0.000 0.001 0.082 0.038 0.879]  USPECH
13 . finalna predikcia =  [0.000 0.000 0.000 0.000 1.000] skutocnost =  [0.000 0.000 0.000 1.000 0.000]  predikcia =  [0.000 0.000 0.093 0.159 0.748]  CHYBA
14 . finalna predikcia =  [0.000 0.000 0.000 0.000 1.000] skutocnost =  [0.000 0.000 0.000 0.000 1.000]  predikcia =  [0.000 0.000 0.078 0.021 0.900]  USPECH
15 . finalna predikcia =  [0.000 0.000 0.000 0.000 1.000] skutocnost =  [0.000 0.000 0.000 0.000 1.000]  predikcia =  [0.001 0.002 0.178 0.045 0.774]  USPECH
16 . finalna predikcia =  [0.000 0.000 1.000 0.000 0.000] skutocnost =  [0.000 0.000 1.000 0.000 0.000]  predikcia =  [0.000 0.360 0.633 0.000 0.006]  USPECH
17 . finalna predikcia =  [0.000 0.000 0.000 0.000 1.000] skutocnost =  [0.000 0.000 0.000 0.000 1.000]  predikcia =  [0.000 0.000 0.052 0.009 0.939]  USPECH
18 . finalna predikcia =  [0.000 0.000 0.000 1.000 0.000] skutocnost =  [0.000 0.000 0.000 1.000 0.000]  predikcia =  [0.001 0.001 0.045 0.898 0.055]  USPECH
19 . finalna predikcia =  [0.000 0.000 0.000 1.000 0.000] skutocnost =  [0.000 0.000 0.000 1.000 0.000]  predikcia =  [0.004 0.006 0.270 0.674 0.046]  USPECH
20 . finalna predikcia =  [0.000 0.000 1.000 0.000 0.000] skutocnost =  [0.000 0.000 1.000 0.000 0.000]  predikcia =  [0.001 0.194 0.784 0.007 0.014]  USPECH
21 . finalna predikcia =  [0.000 0.000 0.000 1.000 0.000] skutocnost =  [0.000 0.000 1.000 0.000 0.000]  predikcia =  [0.000 0.006 0.111 0.841 0.043]  CHYBA
22 . finalna predikcia =  [0.000 0.000 0.000 0.000 1.000] skutocnost =  [0.000 0.000 0.000 0.000 1.000]  predikcia =  [0.000 0.001 0.080 0.071 0.847]  USPECH
23 . finalna predikcia =  [0.000 0.000 0.000 1.000 0.000] skutocnost =  [0.000 0.000 0.000 1.000 0.000]  predikcia =  [0.003 0.021 0.172 0.790 0.015]  USPECH
24 . finalna predikcia =  [0.000 0.000 0.000 0.000 1.000] skutocnost =  [0.000 0.000 0.000 0.000 1.000]  predikcia =  [0.002 0.002 0.097 0.078 0.821]  USPECH
25 . finalna predikcia =  [0.000 0.000 0.000 0.000 1.000] skutocnost =  [0.000 0.000 0.000 0.000 1.000]  predikcia =  [0.000 0.000 0.023 0.166 0.811]  USPECH
26 . finalna predikcia =  [0.000 0.000 0.000 1.000 0.000] skutocnost =  [0.000 0.000 0.000 1.000 0.000]  predikcia =  [0.001 0.006 0.351 0.585 0.056]  USPECH
27 . finalna predikcia =  [0.000 1.000 0.000 0.000 0.000] skutocnost =  [0.000 1.000 0.000 0.000 0.000]  predikcia =  [0.209 0.618 0.084 0.000 0.089]  USPECH
28 . finalna predikcia =  [0.000 1.000 0.000 0.000 0.000] skutocnost =  [0.000 1.000 0.000 0.000 0.000]  predikcia =  [0.040 0.529 0.088 0.331 0.012]  USPECH
29 . finalna predikcia =  [0.000 0.000 0.000 0.000 1.000] skutocnost =  [0.000 0.000 0.000 0.000 1.000]  predikcia =  [0.001 0.001 0.053 0.223 0.722]  USPECH
30 . finalna predikcia =  [0.000 0.000 1.000 0.000 0.000] skutocnost =  [0.000 1.000 0.000 0.000 0.000]  predikcia =  [0.000 0.330 0.668 0.000 0.002]  CHYBA
31 . finalna predikcia =  [0.000 0.000 0.000 1.000 0.000] skutocnost =  [0.000 0.000 1.000 0.000 0.000]  predikcia =  [0.000 0.005 0.270 0.693 0.032]  CHYBA
32 . finalna predikcia =  [0.000 0.000 0.000 0.000 1.000] skutocnost =  [0.000 0.000 0.000 0.000 1.000]  predikcia =  [0.000 0.000 0.032 0.053 0.914]  USPECH
33 . finalna predikcia =  [0.000 0.000 0.000 1.000 0.000] skutocnost =  [0.000 0.000 0.000 1.000 0.000]  predikcia =  [0.001 0.004 0.087 0.855 0.052]  USPECH
34 . finalna predikcia =  [0.000 0.000 0.000 1.000 0.000] skutocnost =  [0.000 0.000 0.000 1.000 0.000]  predikcia =  [0.002 0.009 0.119 0.830 0.039]  USPECH
35 . finalna predikcia =  [0.000 0.000 0.000 1.000 0.000] skutocnost =  [0.000 0.000 0.000 1.000 0.000]  predikcia =  [0.001 0.005 0.355 0.495 0.145]  USPECH
36 . finalna predikcia =  [0.000 0.000 1.000 0.000 0.000] skutocnost =  [0.000 0.000 1.000 0.000 0.000]  predikcia =  [0.004 0.092 0.714 0.167 0.023]  USPECH
37 . finalna predikcia =  [0.000 0.000 0.000 0.000 1.000] skutocnost =  [0.000 0.000 0.000 0.000 1.000]  predikcia =  [0.000 0.001 0.188 0.004 0.808]  USPECH
38 . finalna predikcia =  [0.000 1.000 0.000 0.000 0.000] skutocnost =  [0.000 1.000 0.000 0.000 0.000]  predikcia =  [0.000 0.546 0.451 0.000 0.003]  USPECH
39 . finalna predikcia =  [0.000 0.000 0.000 0.000 1.000] skutocnost =  [0.000 0.000 0.000 0.000 1.000]  predikcia =  [0.000 0.000 0.023 0.018 0.959]  USPECH
40 . finalna predikcia =  [0.000 0.000 0.000 0.000 1.000] skutocnost =  [0.000 0.000 0.000 0.000 1.000]  predikcia =  [0.000 0.000 0.032 0.003 0.965]  USPECH
41 . finalna predikcia =  [1.000 0.000 0.000 0.000 0.000] skutocnost =  [1.000 0.000 0.000 0.000 0.000]  predikcia =  [0.770 0.171 0.008 0.000 0.051]  USPECH
42 . finalna predikcia =  [1.000 0.000 0.000 0.000 0.000] skutocnost =  [1.000 0.000 0.000 0.000 0.000]  predikcia =  [0.929 0.070 0.000 0.000 0.001]  USPECH
43 . finalna predikcia =  [0.000 0.000 1.000 0.000 0.000] skutocnost =  [0.000 0.000 1.000 0.000 0.000]  predikcia =  [0.004 0.034 0.735 0.197 0.031]  USPECH
44 . finalna predikcia =  [0.000 0.000 0.000 0.000 1.000] skutocnost =  [0.000 0.000 0.000 0.000 1.000]  predikcia =  [0.000 0.003 0.097 0.112 0.787]  USPECH
45 . finalna predikcia =  [0.000 0.000 0.000 0.000 1.000] skutocnost =  [0.000 0.000 0.000 0.000 1.000]  predikcia =  [0.000 0.001 0.116 0.009 0.874]  USPECH
46 . finalna predikcia =  [0.000 0.000 0.000 0.000 1.000] skutocnost =  [0.000 0.000 0.000 0.000 1.000]  predikcia =  [0.001 0.004 0.320 0.093 0.583]  USPECH
47 . finalna predikcia =  [0.000 0.000 0.000 0.000 1.000] skutocnost =  [0.000 0.000 1.000 0.000 0.000]  predikcia =  [0.000 0.004 0.115 0.066 0.815]  CHYBA
48 . finalna predikcia =  [0.000 0.000 1.000 0.000 0.000] skutocnost =  [0.000 0.000 1.000 0.000 0.000]  predikcia =  [0.000 0.223 0.774 0.002 0.001]  USPECH
49 . finalna predikcia =  [0.000 0.000 0.000 0.000 1.000] skutocnost =  [0.000 0.000 0.000 0.000 1.000]  predikcia =  [0.000 0.001 0.068 0.021 0.910]  USPECH
50 . finalna predikcia =  [0.000 0.000 1.000 0.000 0.000] skutocnost =  [0.000 0.000 0.000 1.000 0.000]  predikcia =  [0.001 0.125 0.689 0.151 0.033]  CHYBA
51 . finalna predikcia =  [0.000 0.000 1.000 0.000 0.000] skutocnost =  [0.000 0.000 1.000 0.000 0.000]  predikcia =  [0.000 0.411 0.583 0.006 0.000]  USPECH
52 . finalna predikcia =  [0.000 0.000 0.000 0.000 1.000] skutocnost =  [0.000 0.000 0.000 0.000 1.000]  predikcia =  [0.000 0.000 0.073 0.036 0.891]  USPECH
53 . finalna predikcia =  [0.000 0.000 0.000 1.000 0.000] skutocnost =  [0.000 0.000 0.000 1.000 0.000]  predikcia =  [0.002 0.004 0.071 0.896 0.027]  USPECH
54 . finalna predikcia =  [0.000 0.000 0.000 0.000 1.000] skutocnost =  [0.000 0.000 0.000 0.000 1.000]  predikcia =  [0.000 0.000 0.026 0.026 0.948]  USPECH
55 . finalna predikcia =  [0.000 0.000 0.000 0.000 1.000] skutocnost =  [0.000 0.000 0.000 0.000 1.000]  predikcia =  [0.001 0.002 0.065 0.321 0.610]  USPECH
56 . finalna predikcia =  [0.000 0.000 0.000 1.000 0.000] skutocnost =  [0.000 0.000 0.000 1.000 0.000]  predikcia =  [0.006 0.039 0.294 0.596 0.065]  USPECH
57 . finalna predikcia =  [0.000 0.000 0.000 1.000 0.000] skutocnost =  [0.000 0.000 1.000 0.000 0.000]  predikcia =  [0.001 0.035 0.352 0.579 0.032]  CHYBA
58 . finalna predikcia =  [0.000 0.000 0.000 1.000 0.000] skutocnost =  [0.000 0.000 1.000 0.000 0.000]  predikcia =  [0.003 0.022 0.416 0.522 0.037]  CHYBA
59 . finalna predikcia =  [0.000 0.000 1.000 0.000 0.000] skutocnost =  [0.000 0.000 1.000 0.000 0.000]  predikcia =  [0.003 0.032 0.601 0.306 0.059]  USPECH
60 . finalna predikcia =  [0.000 0.000 0.000 0.000 1.000] skutocnost =  [0.000 0.000 1.000 0.000 0.000]  predikcia =  [0.000 0.001 0.097 0.035 0.868]  CHYBA
61 . finalna predikcia =  [0.000 0.000 0.000 0.000 1.000] skutocnost =  [0.000 0.000 0.000 0.000 1.000]  predikcia =  [0.000 0.001 0.067 0.074 0.858]  USPECH
62 . finalna predikcia =  [0.000 0.000 0.000 0.000 1.000] skutocnost =  [0.000 0.000 0.000 0.000 1.000]  predikcia =  [0.000 0.000 0.024 0.035 0.941]  USPECH
63 . finalna predikcia =  [0.000 0.000 1.000 0.000 0.000] skutocnost =  [0.000 0.000 1.000 0.000 0.000]  predikcia =  [0.001 0.026 0.662 0.306 0.005]  USPECH
64 . finalna predikcia =  [0.000 0.000 1.000 0.000 0.000] skutocnost =  [0.000 0.000 1.000 0.000 0.000]  predikcia =  [0.000 0.053 0.660 0.197 0.090]  USPECH
65 . finalna predikcia =  [0.000 0.000 0.000 0.000 1.000] skutocnost =  [0.000 0.000 0.000 0.000 1.000]  predikcia =  [0.000 0.000 0.053 0.032 0.914]  USPECH
66 . finalna predikcia =  [0.000 0.000 0.000 0.000 1.000] skutocnost =  [0.000 0.000 0.000 1.000 0.000]  predikcia =  [0.000 0.001 0.035 0.187 0.777]  CHYBA
67 . finalna predikcia =  [0.000 0.000 0.000 1.000 0.000] skutocnost =  [0.000 0.000 0.000 1.000 0.000]  predikcia =  [0.002 0.002 0.328 0.603 0.065]  USPECH
68 . finalna predikcia =  [0.000 0.000 0.000 1.000 0.000] skutocnost =  [0.000 0.000 0.000 1.000 0.000]  predikcia =  [0.001 0.003 0.066 0.898 0.032]  USPECH
69 . finalna predikcia =  [0.000 0.000 0.000 1.000 0.000] skutocnost =  [0.000 0.000 0.000 1.000 0.000]  predikcia =  [0.001 0.006 0.067 0.894 0.032]  USPECH
70 . finalna predikcia =  [0.000 0.000 0.000 0.000 1.000] skutocnost =  [0.000 0.000 0.000 0.000 1.000]  predikcia =  [0.001 0.013 0.225 0.035 0.726]  USPECH
71 . finalna predikcia =  [0.000 0.000 1.000 0.000 0.000] skutocnost =  [0.000 0.000 1.000 0.000 0.000]  predikcia =  [0.000 0.384 0.602 0.000 0.013]  USPECH
72 . finalna predikcia =  [0.000 0.000 0.000 1.000 0.000] skutocnost =  [0.000 0.000 0.000 1.000 0.000]  predikcia =  [0.001 0.000 0.058 0.874 0.066]  USPECH
73 . finalna predikcia =  [0.000 0.000 0.000 1.000 0.000] skutocnost =  [0.000 0.000 0.000 1.000 0.000]  predikcia =  [0.001 0.017 0.151 0.717 0.114]  USPECH
74 . finalna predikcia =  [0.000 1.000 0.000 0.000 0.000] skutocnost =  [0.000 0.000 1.000 0.000 0.000]  predikcia =  [0.003 0.804 0.173 0.000 0.020]  CHYBA
75 . finalna predikcia =  [0.000 0.000 1.000 0.000 0.000] skutocnost =  [0.000 0.000 1.000 0.000 0.000]  predikcia =  [0.005 0.198 0.548 0.207 0.043]  USPECH
76 . finalna predikcia =  [0.000 0.000 0.000 1.000 0.000] skutocnost =  [0.000 0.000 0.000 1.000 0.000]  predikcia =  [0.001 0.002 0.068 0.901 0.027]  USPECH
77 . finalna predikcia =  [0.000 0.000 0.000 0.000 1.000] skutocnost =  [0.000 0.000 0.000 0.000 1.000]  predikcia =  [0.000 0.000 0.036 0.118 0.846]  USPECH
78 . finalna predikcia =  [0.000 0.000 0.000 0.000 1.000] skutocnost =  [0.000 1.000 0.000 0.000 0.000]  predikcia =  [0.004 0.037 0.267 0.139 0.553]  CHYBA
79 . finalna predikcia =  [1.000 0.000 0.000 0.000 0.000] skutocnost =  [0.000 1.000 0.000 0.000 0.000]  predikcia =  [0.505 0.419 0.066 0.000 0.010]  CHYBA
80 . finalna predikcia =  [0.000 0.000 0.000 0.000 1.000] skutocnost =  [0.000 0.000 0.000 0.000 1.000]  predikcia =  [0.000 0.000 0.101 0.006 0.892]  USPECH
81 . finalna predikcia =  [0.000 0.000 0.000 1.000 0.000] skutocnost =  [0.000 0.000 1.000 0.000 0.000]  predikcia =  [0.000 0.003 0.238 0.599 0.160]  CHYBA
82 . finalna predikcia =  [0.000 0.000 0.000 0.000 1.000] skutocnost =  [0.000 0.000 0.000 0.000 1.000]  predikcia =  [0.002 0.002 0.093 0.265 0.638]  USPECH
83 . finalna predikcia =  [0.000 0.000 0.000 0.000 1.000] skutocnost =  [0.000 0.000 0.000 0.000 1.000]  predikcia =  [0.000 0.000 0.043 0.028 0.929]  USPECH
84 . finalna predikcia =  [0.000 0.000 0.000 0.000 1.000] skutocnost =  [0.000 0.000 0.000 0.000 1.000]  predikcia =  [0.002 0.004 0.068 0.098 0.828]  USPECH
85 . finalna predikcia =  [0.000 0.000 0.000 0.000 1.000] skutocnost =  [0.000 0.000 0.000 0.000 1.000]  predikcia =  [0.000 0.000 0.061 0.001 0.938]  USPECH
86 . finalna predikcia =  [0.000 0.000 1.000 0.000 0.000] skutocnost =  [0.000 0.000 1.000 0.000 0.000]  predikcia =  [0.001 0.022 0.573 0.389 0.014]  USPECH
87 . finalna predikcia =  [0.000 0.000 0.000 1.000 0.000] skutocnost =  [0.000 0.000 0.000 1.000 0.000]  predikcia =  [0.003 0.024 0.185 0.784 0.004]  USPECH
88 . finalna predikcia =  [0.000 0.000 0.000 1.000 0.000] skutocnost =  [0.000 0.000 1.000 0.000 0.000]  predikcia =  [0.002 0.094 0.376 0.513 0.015]  CHYBA
89 . finalna predikcia =  [0.000 0.000 0.000 1.000 0.000] skutocnost =  [0.000 0.000 1.000 0.000 0.000]  predikcia =  [0.004 0.144 0.334 0.513 0.005]  CHYBA
90 . finalna predikcia =  [0.000 0.000 0.000 1.000 0.000] skutocnost =  [0.000 0.000 1.000 0.000 0.000]  predikcia =  [0.001 0.007 0.406 0.577 0.009]  CHYBA
91 . finalna predikcia =  [0.000 0.000 0.000 1.000 0.000] skutocnost =  [0.000 0.000 0.000 1.000 0.000]  predikcia =  [0.002 0.008 0.229 0.733 0.028]  USPECH
92 . finalna predikcia =  [0.000 0.000 0.000 1.000 0.000] skutocnost =  [0.000 0.000 0.000 1.000 0.000]  predikcia =  [0.003 0.019 0.339 0.626 0.013]  USPECH
93 . finalna predikcia =  [0.000 0.000 0.000 0.000 1.000] skutocnost =  [0.000 0.000 0.000 1.000 0.000]  predikcia =  [0.001 0.003 0.098 0.093 0.806]  CHYBA
94 . finalna predikcia =  [0.000 0.000 0.000 0.000 1.000] skutocnost =  [0.000 0.000 1.000 0.000 0.000]  predikcia =  [0.001 0.008 0.353 0.038 0.600]  CHYBA
95 . finalna predikcia =  [0.000 0.000 0.000 0.000 1.000] skutocnost =  [0.000 0.000 0.000 0.000 1.000]  predikcia =  [0.000 0.000 0.062 0.175 0.763]  USPECH
96 . finalna predikcia =  [0.000 0.000 1.000 0.000 0.000] skutocnost =  [0.000 0.000 1.000 0.000 0.000]  predikcia =  [0.005 0.153 0.454 0.375 0.013]  USPECH
97 . finalna predikcia =  [0.000 0.000 0.000 0.000 1.000] skutocnost =  [0.000 0.000 0.000 0.000 1.000]  predikcia =  [0.001 0.003 0.297 0.064 0.636]  USPECH
98 . finalna predikcia =  [0.000 0.000 0.000 1.000 0.000] skutocnost =  [0.000 0.000 0.000 0.000 1.000]  predikcia =  [0.000 0.007 0.219 0.613 0.160]  CHYBA
99 . finalna predikcia =  [0.000 0.000 0.000 1.000 0.000] skutocnost =  [0.000 0.000 0.000 0.000 1.000]  predikcia =  [0.001 0.002 0.161 0.805 0.031]  CHYBA
100 . finalna predikcia =  [0.000 0.000 0.000 0.000 1.000] skutocnost =  [0.000 0.000 1.000 0.000 0.000]  predikcia =  [0.010 0.097 0.258 0.102 0.532]  CHYBA
101 . finalna predikcia =  [0.000 1.000 0.000 0.000 0.000] skutocnost =  [0.000 1.000 0.000 0.000 0.000]  predikcia =  [0.000 0.588 0.412 0.000 0.000]  USPECH
102 . finalna predikcia =  [0.000 0.000 0.000 0.000 1.000] skutocnost =  [0.000 0.000 1.000 0.000 0.000]  predikcia =  [0.001 0.011 0.408 0.051 0.530]  CHYBA
103 . finalna predikcia =  [0.000 0.000 1.000 0.000 0.000] skutocnost =  [0.000 0.000 0.000 0.000 1.000]  predikcia =  [0.001 0.030 0.532 0.291 0.146]  CHYBA
104 . finalna predikcia =  [0.000 0.000 1.000 0.000 0.000] skutocnost =  [0.000 0.000 1.000 0.000 0.000]  predikcia =  [0.002 0.045 0.423 0.113 0.416]  USPECH
105 . finalna predikcia =  [0.000 0.000 0.000 0.000 1.000] skutocnost =  [0.000 0.000 0.000 0.000 1.000]  predikcia =  [0.001 0.002 0.103 0.213 0.681]  USPECH
106 . finalna predikcia =  [0.000 0.000 1.000 0.000 0.000] skutocnost =  [0.000 0.000 1.000 0.000 0.000]  predikcia =  [0.001 0.240 0.751 0.005 0.004]  USPECH
107 . finalna predikcia =  [0.000 1.000 0.000 0.000 0.000] skutocnost =  [0.000 1.000 0.000 0.000 0.000]  predikcia =  [0.000 0.619 0.374 0.000 0.006]  USPECH
108 . finalna predikcia =  [0.000 0.000 1.000 0.000 0.000] skutocnost =  [0.000 0.000 1.000 0.000 0.000]  predikcia =  [0.006 0.042 0.516 0.413 0.024]  USPECH
109 . finalna predikcia =  [0.000 0.000 1.000 0.000 0.000] skutocnost =  [0.000 0.000 1.000 0.000 0.000]  predikcia =  [0.001 0.252 0.743 0.004 0.000]  USPECH
110 . finalna predikcia =  [0.000 0.000 0.000 0.000 1.000] skutocnost =  [0.000 0.000 0.000 0.000 1.000]  predikcia =  [0.000 0.000 0.019 0.097 0.884]  USPECH
111 . finalna predikcia =  [0.000 0.000 0.000 1.000 0.000] skutocnost =  [0.000 0.000 0.000 1.000 0.000]  predikcia =  [0.007 0.016 0.285 0.554 0.138]  USPECH
112 . finalna predikcia =  [0.000 0.000 0.000 1.000 0.000] skutocnost =  [0.000 0.000 0.000 1.000 0.000]  predikcia =  [0.001 0.003 0.395 0.545 0.055]  USPECH
113 . finalna predikcia =  [0.000 0.000 1.000 0.000 0.000] skutocnost =  [0.000 0.000 0.000 0.000 1.000]  predikcia =  [0.000 0.215 0.718 0.008 0.058]  CHYBA
114 . finalna predikcia =  [0.000 0.000 1.000 0.000 0.000] skutocnost =  [0.000 0.000 0.000 1.000 0.000]  predikcia =  [0.003 0.092 0.672 0.058 0.176]  CHYBA
115 . finalna predikcia =  [0.000 0.000 1.000 0.000 0.000] skutocnost =  [0.000 0.000 1.000 0.000 0.000]  predikcia =  [0.003 0.300 0.503 0.186 0.007]  USPECH
116 . finalna predikcia =  [0.000 0.000 0.000 1.000 0.000] skutocnost =  [0.000 0.000 0.000 1.000 0.000]  predikcia =  [0.000 0.003 0.072 0.914 0.010]  USPECH
117 . finalna predikcia =  [0.000 0.000 0.000 0.000 1.000] skutocnost =  [0.000 0.000 0.000 0.000 1.000]  predikcia =  [0.000 0.000 0.047 0.008 0.945]  USPECH
118 . finalna predikcia =  [0.000 1.000 0.000 0.000 0.000] skutocnost =  [0.000 1.000 0.000 0.000 0.000]  predikcia =  [0.001 0.925 0.072 0.000 0.002]  USPECH
119 . finalna predikcia =  [0.000 0.000 0.000 1.000 0.000] skutocnost =  [0.000 0.000 0.000 1.000 0.000]  predikcia =  [0.002 0.012 0.036 0.946 0.004]  USPECH
120 . finalna predikcia =  [1.000 0.000 0.000 0.000 0.000] skutocnost =  [1.000 0.000 0.000 0.000 0.000]  predikcia =  [0.894 0.098 0.001 0.000 0.007]  USPECH
121 . finalna predikcia =  [0.000 0.000 0.000 1.000 0.000] skutocnost =  [0.000 0.000 0.000 1.000 0.000]  predikcia =  [0.002 0.005 0.103 0.843 0.046]  USPECH
122 . finalna predikcia =  [0.000 0.000 1.000 0.000 0.000] skutocnost =  [0.000 0.000 1.000 0.000 0.000]  predikcia =  [0.006 0.230 0.762 0.000 0.002]  USPECH
123 . finalna predikcia =  [0.000 0.000 0.000 0.000 1.000] skutocnost =  [0.000 0.000 0.000 0.000 1.000]  predikcia =  [0.000 0.003 0.070 0.008 0.920]  USPECH
124 . finalna predikcia =  [0.000 0.000 1.000 0.000 0.000] skutocnost =  [0.000 0.000 1.000 0.000 0.000]  predikcia =  [0.002 0.055 0.487 0.442 0.014]  USPECH
125 . finalna predikcia =  [0.000 0.000 0.000 1.000 0.000] skutocnost =  [0.000 0.000 0.000 1.000 0.000]  predikcia =  [0.002 0.006 0.082 0.904 0.005]  USPECH
126 . finalna predikcia =  [0.000 0.000 0.000 1.000 0.000] skutocnost =  [0.000 0.000 0.000 1.000 0.000]  predikcia =  [0.007 0.078 0.258 0.626 0.031]  USPECH
127 . finalna predikcia =  [0.000 0.000 0.000 0.000 1.000] skutocnost =  [0.000 0.000 0.000 0.000 1.000]  predikcia =  [0.001 0.001 0.098 0.074 0.826]  USPECH
128 . finalna predikcia =  [0.000 0.000 0.000 1.000 0.000] skutocnost =  [0.000 0.000 0.000 0.000 1.000]  predikcia =  [0.006 0.010 0.050 0.489 0.445]  CHYBA
129 . finalna predikcia =  [0.000 0.000 1.000 0.000 0.000] skutocnost =  [0.000 0.000 1.000 0.000 0.000]  predikcia =  [0.002 0.242 0.718 0.004 0.034]  USPECH
130 . finalna predikcia =  [0.000 0.000 0.000 0.000 1.000] skutocnost =  [0.000 0.000 0.000 0.000 1.000]  predikcia =  [0.000 0.002 0.178 0.013 0.807]  USPECH
131 . finalna predikcia =  [0.000 0.000 0.000 1.000 0.000] skutocnost =  [0.000 0.000 0.000 1.000 0.000]  predikcia =  [0.003 0.014 0.105 0.864 0.015]  USPECH
132 . finalna predikcia =  [0.000 0.000 0.000 0.000 1.000] skutocnost =  [0.000 0.000 0.000 0.000 1.000]  predikcia =  [0.000 0.001 0.140 0.008 0.850]  USPECH
133 . finalna predikcia =  [0.000 0.000 0.000 0.000 1.000] skutocnost =  [0.000 0.000 0.000 0.000 1.000]  predikcia =  [0.000 0.001 0.121 0.016 0.862]  USPECH
134 . finalna predikcia =  [0.000 0.000 0.000 0.000 1.000] skutocnost =  [0.000 0.000 0.000 0.000 1.000]  predikcia =  [0.001 0.001 0.083 0.097 0.819]  USPECH
135 . finalna predikcia =  [0.000 0.000 0.000 0.000 1.000] skutocnost =  [0.000 0.000 0.000 0.000 1.000]  predikcia =  [0.000 0.000 0.064 0.014 0.921]  USPECH
136 . finalna predikcia =  [0.000 0.000 0.000 0.000 1.000] skutocnost =  [0.000 0.000 0.000 0.000 1.000]  predikcia =  [0.000 0.004 0.137 0.112 0.747]  USPECH
137 . finalna predikcia =  [0.000 0.000 0.000 1.000 0.000] skutocnost =  [0.000 0.000 0.000 1.000 0.000]  predikcia =  [0.005 0.028 0.226 0.730 0.011]  USPECH
138 . finalna predikcia =  [0.000 0.000 0.000 0.000 1.000] skutocnost =  [0.000 0.000 0.000 0.000 1.000]  predikcia =  [0.000 0.000 0.033 0.115 0.852]  USPECH
139 . finalna predikcia =  [0.000 0.000 0.000 1.000 0.000] skutocnost =  [0.000 0.000 1.000 0.000 0.000]  predikcia =  [0.001 0.001 0.240 0.731 0.027]  CHYBA
140 . finalna predikcia =  [0.000 0.000 1.000 0.000 0.000] skutocnost =  [0.000 0.000 1.000 0.000 0.000]  predikcia =  [0.001 0.014 0.804 0.084 0.096]  USPECH
141 . finalna predikcia =  [0.000 0.000 0.000 0.000 1.000] skutocnost =  [0.000 0.000 0.000 0.000 1.000]  predikcia =  [0.000 0.000 0.067 0.006 0.927]  USPECH
142 . finalna predikcia =  [0.000 1.000 0.000 0.000 0.000] skutocnost =  [0.000 1.000 0.000 0.000 0.000]  predikcia =  [0.000 0.906 0.092 0.000 0.001]  USPECH
143 . finalna predikcia =  [0.000 0.000 0.000 0.000 1.000] skutocnost =  [0.000 0.000 0.000 0.000 1.000]  predikcia =  [0.000 0.000 0.013 0.012 0.974]  USPECH
144 . finalna predikcia =  [0.000 0.000 0.000 0.000 1.000] skutocnost =  [0.000 0.000 0.000 0.000 1.000]  predikcia =  [0.000 0.004 0.190 0.001 0.805]  USPECH
145 . finalna predikcia =  [0.000 0.000 0.000 0.000 1.000] skutocnost =  [0.000 0.000 0.000 0.000 1.000]  predikcia =  [0.000 0.000 0.010 0.072 0.918]  USPECH
146 . finalna predikcia =  [0.000 1.000 0.000 0.000 0.000] skutocnost =  [0.000 1.000 0.000 0.000 0.000]  predikcia =  [0.002 0.669 0.328 0.000 0.002]  USPECH
147 . finalna predikcia =  [0.000 0.000 0.000 0.000 1.000] skutocnost =  [0.000 0.000 0.000 1.000 0.000]  predikcia =  [0.000 0.000 0.014 0.056 0.930]  CHYBA
148 . finalna predikcia =  [0.000 0.000 0.000 0.000 1.000] skutocnost =  [0.000 0.000 0.000 0.000 1.000]  predikcia =  [0.000 0.001 0.061 0.029 0.910]  USPECH
149 . finalna predikcia =  [0.000 1.000 0.000 0.000 0.000] skutocnost =  [0.000 1.000 0.000 0.000 0.000]  predikcia =  [0.035 0.764 0.200 0.000 0.000]  USPECH
150 . finalna predikcia =  [0.000 0.000 0.000 1.000 0.000] skutocnost =  [0.000 0.000 0.000 1.000 0.000]  predikcia =  [0.000 0.000 0.013 0.962 0.025]  USPECH
151 . finalna predikcia =  [0.000 0.000 1.000 0.000 0.000] skutocnost =  [0.000 0.000 1.000 0.000 0.000]  predikcia =  [0.001 0.090 0.726 0.004 0.179]  USPECH
152 . finalna predikcia =  [0.000 0.000 0.000 0.000 1.000] skutocnost =  [0.000 0.000 0.000 0.000 1.000]  predikcia =  [0.001 0.002 0.078 0.278 0.642]  USPECH
153 . finalna predikcia =  [1.000 0.000 0.000 0.000 0.000] skutocnost =  [1.000 0.000 0.000 0.000 0.000]  predikcia =  [0.586 0.349 0.060 0.000 0.004]  USPECH
154 . finalna predikcia =  [0.000 0.000 0.000 1.000 0.000] skutocnost =  [0.000 1.000 0.000 0.000 0.000]  predikcia =  [0.139 0.190 0.035 0.591 0.045]  CHYBA
155 . finalna predikcia =  [0.000 0.000 0.000 0.000 1.000] skutocnost =  [0.000 0.000 0.000 0.000 1.000]  predikcia =  [0.000 0.000 0.033 0.018 0.949]  USPECH
156 . finalna predikcia =  [0.000 0.000 0.000 1.000 0.000] skutocnost =  [0.000 0.000 0.000 1.000 0.000]  predikcia =  [0.002 0.006 0.249 0.709 0.034]  USPECH
157 . finalna predikcia =  [0.000 0.000 0.000 1.000 0.000] skutocnost =  [0.000 0.000 0.000 1.000 0.000]  predikcia =  [0.001 0.007 0.376 0.609 0.007]  USPECH
158 . finalna predikcia =  [0.000 0.000 0.000 0.000 1.000] skutocnost =  [0.000 0.000 0.000 0.000 1.000]  predikcia =  [0.001 0.000 0.035 0.026 0.939]  USPECH
159 . finalna predikcia =  [0.000 0.000 0.000 0.000 1.000] skutocnost =  [0.000 0.000 0.000 0.000 1.000]  predikcia =  [0.000 0.001 0.202 0.009 0.788]  USPECH
160 . finalna predikcia =  [0.000 0.000 0.000 0.000 1.000] skutocnost =  [0.000 0.000 0.000 0.000 1.000]  predikcia =  [0.001 0.002 0.077 0.114 0.807]  USPECH
161 . finalna predikcia =  [0.000 0.000 0.000 0.000 1.000] skutocnost =  [0.000 0.000 0.000 0.000 1.000]  predikcia =  [0.000 0.000 0.216 0.012 0.771]  USPECH
162 . finalna predikcia =  [0.000 0.000 1.000 0.000 0.000] skutocnost =  [0.000 0.000 1.000 0.000 0.000]  predikcia =  [0.001 0.161 0.539 0.289 0.011]  USPECH
163 . finalna predikcia =  [0.000 0.000 0.000 1.000 0.000] skutocnost =  [0.000 0.000 0.000 1.000 0.000]  predikcia =  [0.000 0.001 0.058 0.935 0.005]  USPECH
164 . finalna predikcia =  [0.000 0.000 0.000 0.000 1.000] skutocnost =  [0.000 0.000 0.000 0.000 1.000]  predikcia =  [0.000 0.000 0.055 0.046 0.899]  USPECH
165 . finalna predikcia =  [0.000 0.000 0.000 0.000 1.000] skutocnost =  [0.000 0.000 0.000 0.000 1.000]  predikcia =  [0.000 0.000 0.063 0.006 0.930]  USPECH
166 . finalna predikcia =  [0.000 0.000 0.000 1.000 0.000] skutocnost =  [0.000 0.000 0.000 0.000 1.000]  predikcia =  [0.001 0.035 0.226 0.695 0.043]  CHYBA
167 . finalna predikcia =  [0.000 0.000 0.000 1.000 0.000] skutocnost =  [0.000 0.000 0.000 1.000 0.000]  predikcia =  [0.000 0.000 0.043 0.949 0.008]  USPECH
168 . finalna predikcia =  [0.000 1.000 0.000 0.000 0.000] skutocnost =  [0.000 1.000 0.000 0.000 0.000]  predikcia =  [0.003 0.392 0.300 0.271 0.034]  USPECH
169 . finalna predikcia =  [1.000 0.000 0.000 0.000 0.000] skutocnost =  [1.000 0.000 0.000 0.000 0.000]  predikcia =  [0.788 0.206 0.005 0.000 0.001]  USPECH
170 . finalna predikcia =  [0.000 0.000 0.000 0.000 1.000] skutocnost =  [0.000 0.000 0.000 0.000 1.000]  predikcia =  [0.000 0.000 0.004 0.038 0.959]  USPECH
171 . finalna predikcia =  [0.000 0.000 1.000 0.000 0.000] skutocnost =  [0.000 0.000 0.000 1.000 0.000]  predikcia =  [0.002 0.038 0.641 0.292 0.028]  CHYBA
172 . finalna predikcia =  [0.000 0.000 0.000 0.000 1.000] skutocnost =  [0.000 0.000 0.000 0.000 1.000]  predikcia =  [0.001 0.007 0.223 0.070 0.699]  USPECH
173 . finalna predikcia =  [0.000 0.000 0.000 0.000 1.000] skutocnost =  [0.000 0.000 0.000 0.000 1.000]  predikcia =  [0.000 0.000 0.009 0.047 0.944]  USPECH
174 . finalna predikcia =  [0.000 1.000 0.000 0.000 0.000] skutocnost =  [0.000 0.000 1.000 0.000 0.000]  predikcia =  [0.001 0.857 0.127 0.000 0.016]  CHYBA
175 . finalna predikcia =  [0.000 0.000 0.000 0.000 1.000] skutocnost =  [0.000 0.000 0.000 0.000 1.000]  predikcia =  [0.000 0.002 0.177 0.009 0.812]  USPECH
176 . finalna predikcia =  [0.000 0.000 1.000 0.000 0.000] skutocnost =  [0.000 0.000 1.000 0.000 0.000]  predikcia =  [0.000 0.002 0.587 0.002 0.408]  USPECH
177 . finalna predikcia =  [0.000 0.000 0.000 0.000 1.000] skutocnost =  [0.000 0.000 0.000 0.000 1.000]  predikcia =  [0.000 0.001 0.074 0.005 0.920]  USPECH
178 . finalna predikcia =  [0.000 0.000 0.000 0.000 1.000] skutocnost =  [0.000 0.000 0.000 1.000 0.000]  predikcia =  [0.001 0.005 0.185 0.142 0.667]  CHYBA
179 . finalna predikcia =  [0.000 0.000 1.000 0.000 0.000] skutocnost =  [0.000 0.000 1.000 0.000 0.000]  predikcia =  [0.000 0.308 0.679 0.000 0.012]  USPECH
180 . finalna predikcia =  [0.000 0.000 0.000 0.000 1.000] skutocnost =  [0.000 0.000 1.000 0.000 0.000]  predikcia =  [0.000 0.001 0.194 0.060 0.745]  CHYBA
181 . finalna predikcia =  [0.000 0.000 0.000 0.000 1.000] skutocnost =  [0.000 0.000 0.000 0.000 1.000]  predikcia =  [0.000 0.001 0.094 0.004 0.901]  USPECH
182 . finalna predikcia =  [0.000 0.000 0.000 0.000 1.000] skutocnost =  [0.000 0.000 0.000 0.000 1.000]  predikcia =  [0.000 0.001 0.046 0.043 0.910]  USPECH
183 . finalna predikcia =  [0.000 0.000 0.000 1.000 0.000] skutocnost =  [0.000 0.000 1.000 0.000 0.000]  predikcia =  [0.001 0.016 0.359 0.484 0.140]  CHYBA
184 . finalna predikcia =  [0.000 0.000 0.000 0.000 1.000] skutocnost =  [0.000 0.000 0.000 0.000 1.000]  predikcia =  [0.002 0.004 0.206 0.195 0.594]  USPECH
185 . finalna predikcia =  [0.000 0.000 0.000 0.000 1.000] skutocnost =  [0.000 0.000 0.000 0.000 1.000]  predikcia =  [0.000 0.001 0.121 0.013 0.864]  USPECH
186 . finalna predikcia =  [0.000 0.000 1.000 0.000 0.000] skutocnost =  [0.000 1.000 0.000 0.000 0.000]  predikcia =  [0.003 0.456 0.456 0.085 0.001]  CHYBA
187 . finalna predikcia =  [0.000 1.000 0.000 0.000 0.000] skutocnost =  [0.000 1.000 0.000 0.000 0.000]  predikcia =  [0.002 0.639 0.350 0.000 0.009]  USPECH
188 . finalna predikcia =  [0.000 0.000 1.000 0.000 0.000] skutocnost =  [0.000 0.000 1.000 0.000 0.000]  predikcia =  [0.005 0.102 0.489 0.342 0.061]  USPECH
189 . finalna predikcia =  [0.000 0.000 1.000 0.000 0.000] skutocnost =  [0.000 0.000 1.000 0.000 0.000]  predikcia =  [0.001 0.191 0.803 0.000 0.005]  USPECH
190 . finalna predikcia =  [0.000 0.000 1.000 0.000 0.000] skutocnost =  [0.000 0.000 1.000 0.000 0.000]  predikcia =  [0.001 0.110 0.652 0.008 0.229]  USPECH
191 . finalna predikcia =  [0.000 0.000 1.000 0.000 0.000] skutocnost =  [0.000 1.000 0.000 0.000 0.000]  predikcia =  [0.003 0.232 0.577 0.163 0.025]  CHYBA
192 . finalna predikcia =  [0.000 0.000 1.000 0.000 0.000] skutocnost =  [0.000 0.000 1.000 0.000 0.000]  predikcia =  [0.015 0.009 0.479 0.422 0.076]  USPECH
193 . finalna predikcia =  [0.000 0.000 0.000 0.000 1.000] skutocnost =  [0.000 0.000 0.000 0.000 1.000]  predikcia =  [0.000 0.000 0.011 0.030 0.958]  USPECH
194 . finalna predikcia =  [0.000 0.000 0.000 1.000 0.000] skutocnost =  [0.000 0.000 0.000 1.000 0.000]  predikcia =  [0.002 0.007 0.136 0.810 0.044]  USPECH
195 . finalna predikcia =  [0.000 0.000 0.000 0.000 1.000] skutocnost =  [0.000 0.000 0.000 0.000 1.000]  predikcia =  [0.000 0.004 0.128 0.059 0.808]  USPECH
196 . finalna predikcia =  [0.000 0.000 0.000 1.000 0.000] skutocnost =  [0.000 0.000 0.000 1.000 0.000]  predikcia =  [0.001 0.018 0.188 0.773 0.020]  USPECH
197 . finalna predikcia =  [0.000 0.000 1.000 0.000 0.000] skutocnost =  [0.000 0.000 1.000 0.000 0.000]  predikcia =  [0.001 0.247 0.750 0.000 0.001]  USPECH
198 . finalna predikcia =  [0.000 0.000 0.000 0.000 1.000] skutocnost =  [0.000 0.000 0.000 0.000 1.000]  predikcia =  [0.000 0.000 0.030 0.115 0.855]  USPECH
199 . finalna predikcia =  [0.000 0.000 0.000 0.000 1.000] skutocnost =  [0.000 0.000 0.000 0.000 1.000]  predikcia =  [0.000 0.001 0.076 0.034 0.889]  USPECH
200 . finalna predikcia =  [0.000 0.000 1.000 0.000 0.000] skutocnost =  [0.000 0.000 1.000 0.000 0.000]  predikcia =  [0.002 0.080 0.718 0.172 0.027]  USPECH
201 . finalna predikcia =  [0.000 0.000 0.000 0.000 1.000] skutocnost =  [0.000 0.000 0.000 0.000 1.000]  predikcia =  [0.002 0.013 0.409 0.040 0.536]  USPECH
202 . finalna predikcia =  [0.000 0.000 0.000 0.000 1.000] skutocnost =  [0.000 0.000 0.000 0.000 1.000]  predikcia =  [0.002 0.001 0.079 0.121 0.797]  USPECH
203 . finalna predikcia =  [0.000 0.000 1.000 0.000 0.000] skutocnost =  [0.000 0.000 1.000 0.000 0.000]  predikcia =  [0.020 0.160 0.624 0.195 0.001]  USPECH
204 . finalna predikcia =  [0.000 1.000 0.000 0.000 0.000] skutocnost =  [0.000 1.000 0.000 0.000 0.000]  predikcia =  [0.000 0.581 0.418 0.000 0.000]  USPECH
205 . finalna predikcia =  [0.000 0.000 1.000 0.000 0.000] skutocnost =  [0.000 1.000 0.000 0.000 0.000]  predikcia =  [0.000 0.469 0.529 0.000 0.002]  CHYBA
206 . finalna predikcia =  [0.000 0.000 0.000 0.000 1.000] skutocnost =  [0.000 0.000 0.000 0.000 1.000]  predikcia =  [0.000 0.001 0.044 0.057 0.898]  USPECH
207 . finalna predikcia =  [0.000 0.000 0.000 0.000 1.000] skutocnost =  [0.000 0.000 0.000 0.000 1.000]  predikcia =  [0.000 0.001 0.155 0.001 0.843]  USPECH
208 . finalna predikcia =  [0.000 0.000 0.000 1.000 0.000] skutocnost =  [0.000 0.000 1.000 0.000 0.000]  predikcia =  [0.019 0.106 0.301 0.568 0.005]  CHYBA
209 . finalna predikcia =  [0.000 0.000 1.000 0.000 0.000] skutocnost =  [0.000 0.000 1.000 0.000 0.000]  predikcia =  [0.001 0.357 0.637 0.000 0.005]  USPECH
210 . finalna predikcia =  [0.000 0.000 1.000 0.000 0.000] skutocnost =  [0.000 1.000 0.000 0.000 0.000]  predikcia =  [0.003 0.050 0.480 0.433 0.033]  CHYBA
211 . finalna predikcia =  [0.000 0.000 0.000 1.000 0.000] skutocnost =  [0.000 0.000 0.000 1.000 0.000]  predikcia =  [0.001 0.009 0.420 0.564 0.006]  USPECH
212 . finalna predikcia =  [0.000 0.000 1.000 0.000 0.000] skutocnost =  [0.000 0.000 1.000 0.000 0.000]  predikcia =  [0.002 0.084 0.687 0.211 0.015]  USPECH
213 . finalna predikcia =  [0.000 0.000 0.000 0.000 1.000] skutocnost =  [0.000 0.000 0.000 0.000 1.000]  predikcia =  [0.000 0.000 0.032 0.045 0.923]  USPECH
214 . finalna predikcia =  [0.000 0.000 0.000 0.000 1.000] skutocnost =  [0.000 0.000 0.000 0.000 1.000]  predikcia =  [0.000 0.000 0.014 0.040 0.946]  USPECH
215 . finalna predikcia =  [0.000 0.000 0.000 0.000 1.000] skutocnost =  [0.000 0.000 0.000 0.000 1.000]  predikcia =  [0.000 0.003 0.343 0.016 0.637]  USPECH
216 . finalna predikcia =  [0.000 0.000 0.000 1.000 0.000] skutocnost =  [0.000 0.000 1.000 0.000 0.000]  predikcia =  [0.000 0.002 0.142 0.604 0.252]  CHYBA
217 . finalna predikcia =  [0.000 0.000 0.000 0.000 1.000] skutocnost =  [0.000 0.000 0.000 0.000 1.000]  predikcia =  [0.000 0.000 0.017 0.033 0.950]  USPECH
218 . finalna predikcia =  [0.000 0.000 0.000 0.000 1.000] skutocnost =  [0.000 0.000 0.000 0.000 1.000]  predikcia =  [0.000 0.001 0.180 0.007 0.811]  USPECH
219 . finalna predikcia =  [0.000 0.000 0.000 0.000 1.000] skutocnost =  [0.000 0.000 0.000 0.000 1.000]  predikcia =  [0.001 0.005 0.127 0.173 0.694]  USPECH
220 . finalna predikcia =  [0.000 0.000 0.000 0.000 1.000] skutocnost =  [0.000 0.000 1.000 0.000 0.000]  predikcia =  [0.007 0.032 0.302 0.137 0.523]  CHYBA
221 . finalna predikcia =  [0.000 0.000 0.000 0.000 1.000] skutocnost =  [0.000 0.000 0.000 0.000 1.000]  predikcia =  [0.001 0.002 0.253 0.025 0.719]  USPECH
222 . finalna predikcia =  [0.000 0.000 0.000 1.000 0.000] skutocnost =  [0.000 0.000 0.000 1.000 0.000]  predikcia =  [0.004 0.078 0.228 0.617 0.072]  USPECH
223 . finalna predikcia =  [1.000 0.000 0.000 0.000 0.000] skutocnost =  [1.000 0.000 0.000 0.000 0.000]  predikcia =  [0.942 0.057 0.000 0.000 0.001]  USPECH
224 . finalna predikcia =  [0.000 0.000 1.000 0.000 0.000] skutocnost =  [0.000 0.000 0.000 1.000 0.000]  predikcia =  [0.000 0.021 0.711 0.087 0.181]  CHYBA
225 . finalna predikcia =  [0.000 1.000 0.000 0.000 0.000] skutocnost =  [0.000 0.000 1.000 0.000 0.000]  predikcia =  [0.000 0.637 0.360 0.000 0.003]  CHYBA
226 . finalna predikcia =  [0.000 0.000 0.000 0.000 1.000] skutocnost =  [0.000 0.000 0.000 0.000 1.000]  predikcia =  [0.000 0.000 0.083 0.001 0.915]  USPECH
227 . finalna predikcia =  [0.000 0.000 0.000 1.000 0.000] skutocnost =  [0.000 0.000 0.000 1.000 0.000]  predikcia =  [0.008 0.036 0.475 0.476 0.005]  USPECH
228 . finalna predikcia =  [0.000 0.000 0.000 0.000 1.000] skutocnost =  [0.000 0.000 0.000 1.000 0.000]  predikcia =  [0.001 0.001 0.052 0.216 0.730]  CHYBA
229 . finalna predikcia =  [0.000 0.000 0.000 1.000 0.000] skutocnost =  [0.000 0.000 0.000 1.000 0.000]  predikcia =  [0.000 0.016 0.329 0.497 0.158]  USPECH
230 . finalna predikcia =  [0.000 0.000 0.000 0.000 1.000] skutocnost =  [0.000 0.000 1.000 0.000 0.000]  predikcia =  [0.000 0.001 0.161 0.066 0.772]  CHYBA
231 . finalna predikcia =  [0.000 0.000 0.000 1.000 0.000] skutocnost =  [0.000 0.000 1.000 0.000 0.000]  predikcia =  [0.004 0.268 0.356 0.356 0.016]  CHYBA
232 . finalna predikcia =  [0.000 0.000 0.000 0.000 1.000] skutocnost =  [0.000 0.000 0.000 0.000 1.000]  predikcia =  [0.001 0.003 0.240 0.020 0.735]  USPECH
233 . finalna predikcia =  [0.000 0.000 0.000 1.000 0.000] skutocnost =  [0.000 0.000 0.000 1.000 0.000]  predikcia =  [0.000 0.000 0.003 0.974 0.022]  USPECH
234 . finalna predikcia =  [0.000 0.000 0.000 0.000 1.000] skutocnost =  [0.000 0.000 0.000 0.000 1.000]  predikcia =  [0.000 0.000 0.031 0.079 0.890]  USPECH
235 . finalna predikcia =  [0.000 0.000 0.000 1.000 0.000] skutocnost =  [0.000 0.000 0.000 1.000 0.000]  predikcia =  [0.002 0.057 0.100 0.840 0.001]  USPECH
236 . finalna predikcia =  [0.000 0.000 0.000 0.000 1.000] skutocnost =  [0.000 0.000 0.000 0.000 1.000]  predikcia =  [0.003 0.005 0.116 0.326 0.549]  USPECH
237 . finalna predikcia =  [0.000 0.000 0.000 0.000 1.000] skutocnost =  [0.000 0.000 0.000 0.000 1.000]  predikcia =  [0.000 0.001 0.095 0.016 0.887]  USPECH
238 . finalna predikcia =  [0.000 0.000 0.000 1.000 0.000] skutocnost =  [0.000 0.000 0.000 1.000 0.000]  predikcia =  [0.000 0.001 0.045 0.939 0.014]  USPECH
239 . finalna predikcia =  [0.000 0.000 0.000 1.000 0.000] skutocnost =  [0.000 0.000 0.000 1.000 0.000]  predikcia =  [0.000 0.000 0.123 0.808 0.068]  USPECH
240 . finalna predikcia =  [0.000 0.000 0.000 0.000 1.000] skutocnost =  [0.000 0.000 0.000 0.000 1.000]  predikcia =  [0.000 0.001 0.143 0.001 0.855]  USPECH
241 . finalna predikcia =  [0.000 0.000 0.000 1.000 0.000] skutocnost =  [0.000 0.000 0.000 1.000 0.000]  predikcia =  [0.000 0.000 0.053 0.919 0.027]  USPECH
242 . finalna predikcia =  [0.000 0.000 0.000 0.000 1.000] skutocnost =  [0.000 0.000 0.000 0.000 1.000]  predikcia =  [0.001 0.002 0.145 0.156 0.696]  USPECH
243 . finalna predikcia =  [0.000 0.000 0.000 0.000 1.000] skutocnost =  [0.000 0.000 0.000 0.000 1.000]  predikcia =  [0.000 0.003 0.080 0.005 0.912]  USPECH
244 . finalna predikcia =  [0.000 0.000 0.000 0.000 1.000] skutocnost =  [0.000 0.000 0.000 0.000 1.000]  predikcia =  [0.000 0.001 0.187 0.022 0.790]  USPECH
245 . finalna predikcia =  [0.000 0.000 1.000 0.000 0.000] skutocnost =  [0.000 0.000 1.000 0.000 0.000]  predikcia =  [0.002 0.016 0.499 0.452 0.032]  USPECH
246 . finalna predikcia =  [0.000 0.000 0.000 1.000 0.000] skutocnost =  [0.000 0.000 0.000 1.000 0.000]  predikcia =  [0.002 0.014 0.273 0.696 0.014]  USPECH
247 . finalna predikcia =  [0.000 0.000 0.000 1.000 0.000] skutocnost =  [0.000 0.000 0.000 1.000 0.000]  predikcia =  [0.000 0.004 0.104 0.827 0.065]  USPECH
248 . finalna predikcia =  [0.000 0.000 1.000 0.000 0.000] skutocnost =  [0.000 0.000 0.000 1.000 0.000]  predikcia =  [0.003 0.044 0.355 0.301 0.297]  CHYBA
249 . finalna predikcia =  [0.000 1.000 0.000 0.000 0.000] skutocnost =  [0.000 0.000 1.000 0.000 0.000]  predikcia =  [0.004 0.416 0.393 0.179 0.008]  CHYBA
250 . finalna predikcia =  [0.000 0.000 0.000 0.000 1.000] skutocnost =  [0.000 0.000 0.000 0.000 1.000]  predikcia =  [0.000 0.009 0.238 0.001 0.752]  USPECH
251 . finalna predikcia =  [0.000 0.000 0.000 1.000 0.000] skutocnost =  [0.000 0.000 0.000 1.000 0.000]  predikcia =  [0.002 0.037 0.234 0.657 0.071]  USPECH
252 . finalna predikcia =  [0.000 0.000 0.000 0.000 1.000] skutocnost =  [0.000 0.000 0.000 0.000 1.000]  predikcia =  [0.001 0.002 0.091 0.291 0.614]  USPECH
253 . finalna predikcia =  [0.000 0.000 0.000 0.000 1.000] skutocnost =  [0.000 0.000 0.000 0.000 1.000]  predikcia =  [0.000 0.000 0.022 0.096 0.882]  USPECH
254 . finalna predikcia =  [0.000 0.000 0.000 1.000 0.000] skutocnost =  [0.000 0.000 1.000 0.000 0.000]  predikcia =  [0.001 0.047 0.431 0.498 0.023]  CHYBA
255 . finalna predikcia =  [0.000 0.000 1.000 0.000 0.000] skutocnost =  [0.000 0.000 1.000 0.000 0.000]  predikcia =  [0.012 0.417 0.559 0.011 0.001]  USPECH
256 . finalna predikcia =  [0.000 0.000 1.000 0.000 0.000] skutocnost =  [0.000 0.000 1.000 0.000 0.000]  predikcia =  [0.000 0.192 0.807 0.000 0.000]  USPECH
257 . finalna predikcia =  [0.000 0.000 0.000 1.000 0.000] skutocnost =  [0.000 0.000 0.000 1.000 0.000]  predikcia =  [0.000 0.000 0.070 0.887 0.042]  USPECH
258 . finalna predikcia =  [0.000 0.000 0.000 1.000 0.000] skutocnost =  [0.000 0.000 0.000 1.000 0.000]  predikcia =  [0.000 0.000 0.042 0.947 0.010]  USPECH
259 . finalna predikcia =  [0.000 0.000 0.000 0.000 1.000] skutocnost =  [0.000 0.000 1.000 0.000 0.000]  predikcia =  [0.000 0.000 0.065 0.027 0.908]  CHYBA
260 . finalna predikcia =  [0.000 0.000 0.000 0.000 1.000] skutocnost =  [0.000 0.000 0.000 0.000 1.000]  predikcia =  [0.000 0.001 0.108 0.016 0.876]  USPECH
261 . finalna predikcia =  [0.000 0.000 0.000 0.000 1.000] skutocnost =  [0.000 0.000 0.000 0.000 1.000]  predikcia =  [0.000 0.000 0.038 0.012 0.950]  USPECH
262 . finalna predikcia =  [0.000 0.000 0.000 0.000 1.000] skutocnost =  [0.000 0.000 0.000 0.000 1.000]  predikcia =  [0.000 0.000 0.014 0.011 0.974]  USPECH
263 . finalna predikcia =  [0.000 0.000 0.000 1.000 0.000] skutocnost =  [0.000 0.000 0.000 1.000 0.000]  predikcia =  [0.004 0.021 0.129 0.828 0.018]  USPECH
264 . finalna predikcia =  [0.000 0.000 1.000 0.000 0.000] skutocnost =  [0.000 0.000 1.000 0.000 0.000]  predikcia =  [0.002 0.360 0.632 0.000 0.007]  USPECH
265 . finalna predikcia =  [1.000 0.000 0.000 0.000 0.000] skutocnost =  [1.000 0.000 0.000 0.000 0.000]  predikcia =  [0.998 0.002 0.000 0.000 0.000]  USPECH
266 . finalna predikcia =  [0.000 0.000 0.000 0.000 1.000] skutocnost =  [0.000 0.000 0.000 0.000 1.000]  predikcia =  [0.000 0.000 0.021 0.002 0.977]  USPECH
267 . finalna predikcia =  [0.000 0.000 0.000 0.000 1.000] skutocnost =  [0.000 0.000 0.000 0.000 1.000]  predikcia =  [0.000 0.000 0.034 0.064 0.901]  USPECH
268 . finalna predikcia =  [0.000 0.000 1.000 0.000 0.000] skutocnost =  [0.000 0.000 1.000 0.000 0.000]  predikcia =  [0.001 0.002 0.652 0.051 0.294]  USPECH
269 . finalna predikcia =  [0.000 0.000 0.000 0.000 1.000] skutocnost =  [0.000 0.000 0.000 0.000 1.000]  predikcia =  [0.000 0.001 0.041 0.005 0.953]  USPECH
270 . finalna predikcia =  [0.000 0.000 0.000 0.000 1.000] skutocnost =  [0.000 0.000 0.000 0.000 1.000]  predikcia =  [0.001 0.001 0.066 0.352 0.580]  USPECH
271 . finalna predikcia =  [0.000 0.000 0.000 1.000 0.000] skutocnost =  [0.000 0.000 0.000 1.000 0.000]  predikcia =  [0.001 0.000 0.056 0.816 0.127]  USPECH
272 . finalna predikcia =  [0.000 0.000 0.000 0.000 1.000] skutocnost =  [0.000 0.000 0.000 0.000 1.000]  predikcia =  [0.000 0.001 0.048 0.258 0.693]  USPECH
273 . finalna predikcia =  [0.000 0.000 0.000 0.000 1.000] skutocnost =  [0.000 0.000 0.000 0.000 1.000]  predikcia =  [0.000 0.001 0.142 0.007 0.850]  USPECH
274 . finalna predikcia =  [0.000 0.000 1.000 0.000 0.000] skutocnost =  [0.000 0.000 1.000 0.000 0.000]  predikcia =  [0.001 0.009 0.491 0.031 0.469]  USPECH
275 . finalna predikcia =  [0.000 0.000 0.000 0.000 1.000] skutocnost =  [0.000 0.000 0.000 0.000 1.000]  predikcia =  [0.000 0.000 0.024 0.032 0.944]  USPECH
276 . finalna predikcia =  [0.000 0.000 0.000 1.000 0.000] skutocnost =  [0.000 0.000 0.000 1.000 0.000]  predikcia =  [0.004 0.014 0.257 0.613 0.112]  USPECH
277 . finalna predikcia =  [0.000 0.000 0.000 0.000 1.000] skutocnost =  [0.000 0.000 0.000 0.000 1.000]  predikcia =  [0.000 0.001 0.379 0.003 0.617]  USPECH
278 . finalna predikcia =  [0.000 0.000 0.000 0.000 1.000] skutocnost =  [0.000 0.000 0.000 1.000 0.000]  predikcia =  [0.000 0.000 0.075 0.017 0.908]  CHYBA
279 . finalna predikcia =  [0.000 0.000 0.000 0.000 1.000] skutocnost =  [0.000 0.000 0.000 0.000 1.000]  predikcia =  [0.000 0.003 0.455 0.003 0.539]  USPECH
280 . finalna predikcia =  [0.000 0.000 0.000 0.000 1.000] skutocnost =  [0.000 0.000 1.000 0.000 0.000]  predikcia =  [0.001 0.007 0.390 0.008 0.594]  CHYBA
281 . finalna predikcia =  [0.000 0.000 0.000 1.000 0.000] skutocnost =  [0.000 0.000 0.000 1.000 0.000]  predikcia =  [0.001 0.008 0.132 0.796 0.064]  USPECH
282 . finalna predikcia =  [0.000 0.000 0.000 0.000 1.000] skutocnost =  [0.000 0.000 0.000 0.000 1.000]  predikcia =  [0.000 0.001 0.044 0.002 0.954]  USPECH
283 . finalna predikcia =  [0.000 0.000 0.000 0.000 1.000] skutocnost =  [0.000 0.000 0.000 0.000 1.000]  predikcia =  [0.000 0.020 0.412 0.059 0.509]  USPECH
284 . finalna predikcia =  [0.000 0.000 0.000 1.000 0.000] skutocnost =  [0.000 0.000 0.000 0.000 1.000]  predikcia =  [0.002 0.002 0.370 0.441 0.186]  CHYBA
285 . finalna predikcia =  [0.000 0.000 0.000 1.000 0.000] skutocnost =  [0.000 0.000 0.000 1.000 0.000]  predikcia =  [0.004 0.154 0.183 0.659 0.001]  USPECH
286 . finalna predikcia =  [0.000 0.000 0.000 1.000 0.000] skutocnost =  [0.000 0.000 0.000 1.000 0.000]  predikcia =  [0.001 0.008 0.259 0.617 0.115]  USPECH
287 . finalna predikcia =  [0.000 0.000 1.000 0.000 0.000] skutocnost =  [0.000 1.000 0.000 0.000 0.000]  predikcia =  [0.003 0.165 0.765 0.063 0.004]  CHYBA
288 . finalna predikcia =  [0.000 0.000 0.000 0.000 1.000] skutocnost =  [0.000 0.000 0.000 0.000 1.000]  predikcia =  [0.001 0.000 0.027 0.242 0.731]  USPECH
289 . finalna predikcia =  [0.000 0.000 0.000 1.000 0.000] skutocnost =  [0.000 0.000 0.000 1.000 0.000]  predikcia =  [0.002 0.028 0.119 0.805 0.047]  USPECH
290 . finalna predikcia =  [0.000 0.000 0.000 0.000 1.000] skutocnost =  [0.000 0.000 0.000 0.000 1.000]  predikcia =  [0.006 0.016 0.332 0.170 0.476]  USPECH
291 . finalna predikcia =  [0.000 0.000 0.000 0.000 1.000] skutocnost =  [0.000 0.000 0.000 0.000 1.000]  predikcia =  [0.001 0.001 0.141 0.038 0.819]  USPECH
292 . finalna predikcia =  [0.000 0.000 0.000 0.000 1.000] skutocnost =  [0.000 0.000 0.000 0.000 1.000]  predikcia =  [0.000 0.000 0.041 0.006 0.953]  USPECH
293 . finalna predikcia =  [0.000 0.000 0.000 0.000 1.000] skutocnost =  [0.000 0.000 0.000 0.000 1.000]  predikcia =  [0.000 0.000 0.029 0.000 0.970]  USPECH
294 . finalna predikcia =  [0.000 1.000 0.000 0.000 0.000] skutocnost =  [0.000 1.000 0.000 0.000 0.000]  predikcia =  [0.060 0.772 0.166 0.000 0.001]  USPECH
295 . finalna predikcia =  [0.000 0.000 0.000 1.000 0.000] skutocnost =  [0.000 0.000 0.000 1.000 0.000]  predikcia =  [0.004 0.007 0.114 0.826 0.048]  USPECH
296 . finalna predikcia =  [0.000 0.000 0.000 0.000 1.000] skutocnost =  [0.000 0.000 0.000 0.000 1.000]  predikcia =  [0.001 0.001 0.100 0.018 0.880]  USPECH
297 . finalna predikcia =  [0.000 0.000 0.000 0.000 1.000] skutocnost =  [0.000 0.000 0.000 0.000 1.000]  predikcia =  [0.000 0.001 0.127 0.016 0.856]  USPECH
298 . finalna predikcia =  [0.000 0.000 0.000 0.000 1.000] skutocnost =  [0.000 0.000 0.000 1.000 0.000]  predikcia =  [0.002 0.006 0.069 0.227 0.696]  CHYBA
299 . finalna predikcia =  [0.000 0.000 0.000 0.000 1.000] skutocnost =  [0.000 0.000 0.000 0.000 1.000]  predikcia =  [0.001 0.001 0.032 0.129 0.838]  USPECH
300 . finalna predikcia =  [0.000 0.000 0.000 1.000 0.000] skutocnost =  [0.000 0.000 1.000 0.000 0.000]  predikcia =  [0.002 0.005 0.371 0.597 0.025]  CHYBA
301 . finalna predikcia =  [0.000 1.000 0.000 0.000 0.000] skutocnost =  [0.000 1.000 0.000 0.000 0.000]  predikcia =  [0.036 0.652 0.287 0.020 0.005]  USPECH
302 . finalna predikcia =  [0.000 0.000 0.000 0.000 1.000] skutocnost =  [0.000 0.000 0.000 0.000 1.000]  predikcia =  [0.000 0.000 0.007 0.013 0.980]  USPECH
303 . finalna predikcia =  [0.000 0.000 0.000 0.000 1.000] skutocnost =  [0.000 0.000 0.000 0.000 1.000]  predikcia =  [0.000 0.000 0.011 0.086 0.903]  USPECH
304 . finalna predikcia =  [1.000 0.000 0.000 0.000 0.000] skutocnost =  [1.000 0.000 0.000 0.000 0.000]  predikcia =  [0.863 0.133 0.001 0.000 0.003]  USPECH
305 . finalna predikcia =  [0.000 0.000 0.000 1.000 0.000] skutocnost =  [0.000 0.000 0.000 1.000 0.000]  predikcia =  [0.000 0.007 0.148 0.820 0.025]  USPECH
306 . finalna predikcia =  [0.000 0.000 0.000 0.000 1.000] skutocnost =  [0.000 0.000 0.000 0.000 1.000]  predikcia =  [0.000 0.000 0.013 0.116 0.870]  USPECH
307 . finalna predikcia =  [0.000 0.000 0.000 0.000 1.000] skutocnost =  [0.000 0.000 0.000 0.000 1.000]  predikcia =  [0.001 0.004 0.214 0.030 0.750]  USPECH
308 . finalna predikcia =  [0.000 0.000 0.000 1.000 0.000] skutocnost =  [0.000 0.000 1.000 0.000 0.000]  predikcia =  [0.002 0.006 0.364 0.520 0.109]  CHYBA
309 . finalna predikcia =  [0.000 0.000 1.000 0.000 0.000] skutocnost =  [0.000 1.000 0.000 0.000 0.000]  predikcia =  [0.001 0.445 0.554 0.000 0.000]  CHYBA
310 . finalna predikcia =  [0.000 0.000 0.000 1.000 0.000] skutocnost =  [0.000 0.000 0.000 1.000 0.000]  predikcia =  [0.000 0.000 0.033 0.923 0.043]  USPECH
311 . finalna predikcia =  [0.000 0.000 0.000 1.000 0.000] skutocnost =  [0.000 0.000 0.000 1.000 0.000]  predikcia =  [0.001 0.001 0.034 0.959 0.005]  USPECH
312 . finalna predikcia =  [0.000 1.000 0.000 0.000 0.000] skutocnost =  [0.000 1.000 0.000 0.000 0.000]  predikcia =  [0.001 0.593 0.400 0.000 0.006]  USPECH
313 . finalna predikcia =  [0.000 0.000 0.000 1.000 0.000] skutocnost =  [0.000 0.000 0.000 1.000 0.000]  predikcia =  [0.001 0.010 0.244 0.684 0.061]  USPECH
314 . finalna predikcia =  [0.000 0.000 0.000 0.000 1.000] skutocnost =  [0.000 0.000 0.000 0.000 1.000]  predikcia =  [0.000 0.001 0.158 0.007 0.833]  USPECH
315 . finalna predikcia =  [0.000 0.000 1.000 0.000 0.000] skutocnost =  [0.000 1.000 0.000 0.000 0.000]  predikcia =  [0.001 0.274 0.689 0.006 0.030]  CHYBA
316 . finalna predikcia =  [0.000 0.000 0.000 0.000 1.000] skutocnost =  [0.000 0.000 0.000 0.000 1.000]  predikcia =  [0.001 0.001 0.099 0.114 0.786]  USPECH
317 . finalna predikcia =  [0.000 0.000 0.000 1.000 0.000] skutocnost =  [0.000 0.000 0.000 1.000 0.000]  predikcia =  [0.002 0.012 0.088 0.891 0.008]  USPECH
318 . finalna predikcia =  [0.000 0.000 0.000 0.000 1.000] skutocnost =  [0.000 0.000 0.000 0.000 1.000]  predikcia =  [0.000 0.000 0.012 0.013 0.975]  USPECH
319 . finalna predikcia =  [0.000 0.000 0.000 0.000 1.000] skutocnost =  [0.000 0.000 0.000 0.000 1.000]  predikcia =  [0.000 0.000 0.046 0.011 0.943]  USPECH
320 . finalna predikcia =  [1.000 0.000 0.000 0.000 0.000] skutocnost =  [1.000 0.000 0.000 0.000 0.000]  predikcia =  [0.839 0.132 0.002 0.000 0.027]  USPECH
321 . finalna predikcia =  [0.000 0.000 0.000 0.000 1.000] skutocnost =  [0.000 0.000 0.000 0.000 1.000]  predikcia =  [0.000 0.000 0.095 0.002 0.902]  USPECH
322 . finalna predikcia =  [0.000 1.000 0.000 0.000 0.000] skutocnost =  [0.000 1.000 0.000 0.000 0.000]  predikcia =  [0.117 0.708 0.164 0.000 0.010]  USPECH
323 . finalna predikcia =  [0.000 0.000 0.000 1.000 0.000] skutocnost =  [0.000 0.000 0.000 1.000 0.000]  predikcia =  [0.004 0.072 0.061 0.858 0.005]  USPECH
324 . finalna predikcia =  [0.000 0.000 1.000 0.000 0.000] skutocnost =  [0.000 0.000 1.000 0.000 0.000]  predikcia =  [0.001 0.050 0.837 0.111 0.001]  USPECH
325 . finalna predikcia =  [0.000 0.000 0.000 1.000 0.000] skutocnost =  [0.000 0.000 0.000 1.000 0.000]  predikcia =  [0.001 0.003 0.106 0.876 0.013]  USPECH
326 . finalna predikcia =  [0.000 0.000 0.000 0.000 1.000] skutocnost =  [0.000 0.000 0.000 0.000 1.000]  predikcia =  [0.000 0.000 0.049 0.003 0.949]  USPECH
327 . finalna predikcia =  [0.000 0.000 0.000 1.000 0.000] skutocnost =  [0.000 0.000 1.000 0.000 0.000]  predikcia =  [0.000 0.005 0.143 0.705 0.147]  CHYBA
328 . finalna predikcia =  [0.000 0.000 0.000 1.000 0.000] skutocnost =  [0.000 0.000 0.000 0.000 1.000]  predikcia =  [0.001 0.001 0.041 0.552 0.405]  CHYBA
329 . finalna predikcia =  [0.000 0.000 1.000 0.000 0.000] skutocnost =  [0.000 0.000 1.000 0.000 0.000]  predikcia =  [0.000 0.005 0.645 0.000 0.350]  USPECH
330 . finalna predikcia =  [0.000 0.000 1.000 0.000 0.000] skutocnost =  [0.000 0.000 0.000 1.000 0.000]  predikcia =  [0.002 0.003 0.754 0.185 0.056]  CHYBA
331 . finalna predikcia =  [0.000 0.000 0.000 0.000 1.000] skutocnost =  [0.000 0.000 0.000 0.000 1.000]  predikcia =  [0.000 0.008 0.185 0.003 0.805]  USPECH
332 . finalna predikcia =  [0.000 0.000 0.000 0.000 1.000] skutocnost =  [0.000 0.000 0.000 0.000 1.000]  predikcia =  [0.000 0.001 0.092 0.008 0.900]  USPECH
333 . finalna predikcia =  [0.000 0.000 1.000 0.000 0.000] skutocnost =  [0.000 0.000 1.000 0.000 0.000]  predikcia =  [0.005 0.358 0.626 0.010 0.001]  USPECH
334 . finalna predikcia =  [0.000 0.000 0.000 0.000 1.000] skutocnost =  [0.000 0.000 0.000 0.000 1.000]  predikcia =  [0.000 0.001 0.032 0.007 0.960]  USPECH
335 . finalna predikcia =  [0.000 0.000 0.000 0.000 1.000] skutocnost =  [0.000 0.000 0.000 0.000 1.000]  predikcia =  [0.000 0.000 0.089 0.030 0.880]  USPECH
336 . finalna predikcia =  [0.000 0.000 0.000 0.000 1.000] skutocnost =  [0.000 0.000 0.000 1.000 0.000]  predikcia =  [0.001 0.003 0.087 0.158 0.751]  CHYBA
337 . finalna predikcia =  [0.000 0.000 0.000 1.000 0.000] skutocnost =  [0.000 0.000 0.000 1.000 0.000]  predikcia =  [0.001 0.002 0.128 0.856 0.013]  USPECH
338 . finalna predikcia =  [0.000 0.000 0.000 0.000 1.000] skutocnost =  [0.000 0.000 0.000 0.000 1.000]  predikcia =  [0.001 0.007 0.187 0.036 0.769]  USPECH
339 . finalna predikcia =  [0.000 0.000 0.000 1.000 0.000] skutocnost =  [0.000 0.000 0.000 1.000 0.000]  predikcia =  [0.014 0.057 0.269 0.649 0.011]  USPECH
340 . finalna predikcia =  [0.000 0.000 1.000 0.000 0.000] skutocnost =  [0.000 0.000 1.000 0.000 0.000]  predikcia =  [0.001 0.020 0.497 0.379 0.104]  USPECH
341 . finalna predikcia =  [0.000 0.000 0.000 1.000 0.000] skutocnost =  [0.000 0.000 0.000 1.000 0.000]  predikcia =  [0.001 0.005 0.245 0.590 0.159]  USPECH
342 . finalna predikcia =  [0.000 0.000 1.000 0.000 0.000] skutocnost =  [0.000 0.000 1.000 0.000 0.000]  predikcia =  [0.004 0.161 0.438 0.367 0.031]  USPECH
343 . finalna predikcia =  [0.000 0.000 0.000 0.000 1.000] skutocnost =  [0.000 0.000 0.000 0.000 1.000]  predikcia =  [0.000 0.001 0.080 0.004 0.916]  USPECH
344 . finalna predikcia =  [0.000 0.000 0.000 0.000 1.000] skutocnost =  [0.000 0.000 0.000 0.000 1.000]  predikcia =  [0.001 0.001 0.048 0.121 0.829]  USPECH
345 . finalna predikcia =  [0.000 0.000 0.000 1.000 0.000] skutocnost =  [0.000 0.000 0.000 1.000 0.000]  predikcia =  [0.003 0.003 0.153 0.780 0.061]  USPECH
346 . finalna predikcia =  [0.000 0.000 0.000 0.000 1.000] skutocnost =  [0.000 0.000 0.000 0.000 1.000]  predikcia =  [0.000 0.000 0.043 0.019 0.937]  USPECH
347 . finalna predikcia =  [0.000 0.000 0.000 1.000 0.000] skutocnost =  [0.000 0.000 0.000 1.000 0.000]  predikcia =  [0.001 0.004 0.090 0.893 0.011]  USPECH
348 . finalna predikcia =  [0.000 0.000 0.000 0.000 1.000] skutocnost =  [0.000 0.000 0.000 0.000 1.000]  predikcia =  [0.000 0.000 0.027 0.020 0.953]  USPECH
349 . finalna predikcia =  [0.000 1.000 0.000 0.000 0.000] skutocnost =  [0.000 1.000 0.000 0.000 0.000]  predikcia =  [0.212 0.751 0.037 0.000 0.000]  USPECH
350 . finalna predikcia =  [0.000 0.000 0.000 1.000 0.000] skutocnost =  [0.000 0.000 1.000 0.000 0.000]  predikcia =  [0.003 0.013 0.207 0.759 0.018]  CHYBA
351 . finalna predikcia =  [0.000 0.000 0.000 0.000 1.000] skutocnost =  [0.000 0.000 0.000 0.000 1.000]  predikcia =  [0.001 0.003 0.201 0.033 0.763]  USPECH
352 . finalna predikcia =  [0.000 0.000 0.000 1.000 0.000] skutocnost =  [0.000 0.000 0.000 1.000 0.000]  predikcia =  [0.017 0.139 0.291 0.545 0.008]  USPECH
353 . finalna predikcia =  [0.000 0.000 0.000 0.000 1.000] skutocnost =  [0.000 0.000 0.000 0.000 1.000]  predikcia =  [0.000 0.001 0.112 0.004 0.882]  USPECH
354 . finalna predikcia =  [0.000 0.000 0.000 0.000 1.000] skutocnost =  [0.000 0.000 0.000 0.000 1.000]  predikcia =  [0.000 0.000 0.054 0.005 0.941]  USPECH
355 . finalna predikcia =  [0.000 0.000 0.000 1.000 0.000] skutocnost =  [0.000 0.000 0.000 1.000 0.000]  predikcia =  [0.003 0.068 0.302 0.578 0.049]  USPECH
356 . finalna predikcia =  [0.000 0.000 0.000 0.000 1.000] skutocnost =  [0.000 0.000 0.000 0.000 1.000]  predikcia =  [0.000 0.001 0.104 0.033 0.862]  USPECH
357 . finalna predikcia =  [0.000 0.000 0.000 0.000 1.000] skutocnost =  [0.000 0.000 0.000 0.000 1.000]  predikcia =  [0.000 0.001 0.084 0.029 0.886]  USPECH
358 . finalna predikcia =  [0.000 0.000 0.000 1.000 0.000] skutocnost =  [0.000 0.000 0.000 1.000 0.000]  predikcia =  [0.001 0.001 0.186 0.761 0.051]  USPECH
359 . finalna predikcia =  [0.000 0.000 0.000 0.000 1.000] skutocnost =  [0.000 0.000 0.000 0.000 1.000]  predikcia =  [0.001 0.005 0.279 0.020 0.694]  USPECH
360 . finalna predikcia =  [0.000 0.000 0.000 1.000 0.000] skutocnost =  [0.000 0.000 1.000 0.000 0.000]  predikcia =  [0.001 0.001 0.286 0.510 0.203]  CHYBA
361 . finalna predikcia =  [0.000 0.000 0.000 1.000 0.000] skutocnost =  [0.000 0.000 0.000 1.000 0.000]  predikcia =  [0.001 0.007 0.414 0.539 0.039]  USPECH
362 . finalna predikcia =  [0.000 0.000 0.000 1.000 0.000] skutocnost =  [0.000 0.000 0.000 1.000 0.000]  predikcia =  [0.000 0.000 0.048 0.890 0.062]  USPECH
363 . finalna predikcia =  [0.000 0.000 0.000 0.000 1.000] skutocnost =  [0.000 0.000 1.000 0.000 0.000]  predikcia =  [0.000 0.000 0.019 0.056 0.925]  CHYBA
364 . finalna predikcia =  [0.000 1.000 0.000 0.000 0.000] skutocnost =  [0.000 0.000 1.000 0.000 0.000]  predikcia =  [0.000 0.643 0.356 0.000 0.001]  CHYBA
365 . finalna predikcia =  [0.000 0.000 0.000 0.000 1.000] skutocnost =  [0.000 0.000 0.000 0.000 1.000]  predikcia =  [0.000 0.000 0.024 0.005 0.971]  USPECH
366 . finalna predikcia =  [0.000 0.000 0.000 0.000 1.000] skutocnost =  [0.000 0.000 0.000 0.000 1.000]  predikcia =  [0.001 0.009 0.293 0.105 0.592]  USPECH
367 . finalna predikcia =  [0.000 1.000 0.000 0.000 0.000] skutocnost =  [0.000 0.000 1.000 0.000 0.000]  predikcia =  [0.017 0.537 0.347 0.073 0.026]  CHYBA
368 . finalna predikcia =  [0.000 0.000 0.000 0.000 1.000] skutocnost =  [0.000 0.000 1.000 0.000 0.000]  predikcia =  [0.001 0.015 0.232 0.108 0.643]  CHYBA
369 . finalna predikcia =  [0.000 0.000 1.000 0.000 0.000] skutocnost =  [0.000 0.000 0.000 1.000 0.000]  predikcia =  [0.006 0.412 0.521 0.042 0.020]  CHYBA
370 . finalna predikcia =  [0.000 0.000 0.000 0.000 1.000] skutocnost =  [0.000 0.000 1.000 0.000 0.000]  predikcia =  [0.000 0.008 0.389 0.030 0.571]  CHYBA
371 . finalna predikcia =  [0.000 0.000 0.000 0.000 1.000] skutocnost =  [0.000 0.000 0.000 0.000 1.000]  predikcia =  [0.000 0.000 0.019 0.044 0.936]  USPECH
372 . finalna predikcia =  [0.000 0.000 0.000 1.000 0.000] skutocnost =  [0.000 1.000 0.000 0.000 0.000]  predikcia =  [0.004 0.189 0.395 0.400 0.012]  CHYBA
373 . finalna predikcia =  [0.000 0.000 0.000 0.000 1.000] skutocnost =  [0.000 0.000 0.000 0.000 1.000]  predikcia =  [0.000 0.000 0.012 0.059 0.929]  USPECH
374 . finalna predikcia =  [0.000 0.000 1.000 0.000 0.000] skutocnost =  [0.000 0.000 1.000 0.000 0.000]  predikcia =  [0.000 0.006 0.722 0.002 0.270]  USPECH
375 . finalna predikcia =  [0.000 0.000 0.000 0.000 1.000] skutocnost =  [0.000 0.000 0.000 0.000 1.000]  predikcia =  [0.000 0.001 0.051 0.120 0.828]  USPECH
376 . finalna predikcia =  [0.000 0.000 0.000 0.000 1.000] skutocnost =  [0.000 0.000 0.000 0.000 1.000]  predikcia =  [0.000 0.001 0.162 0.038 0.799]  USPECH
377 . finalna predikcia =  [0.000 0.000 0.000 0.000 1.000] skutocnost =  [0.000 0.000 0.000 0.000 1.000]  predikcia =  [0.000 0.000 0.025 0.024 0.951]  USPECH
378 . finalna predikcia =  [0.000 0.000 0.000 1.000 0.000] skutocnost =  [0.000 0.000 0.000 1.000 0.000]  predikcia =  [0.001 0.009 0.378 0.543 0.069]  USPECH
379 . finalna predikcia =  [0.000 0.000 0.000 0.000 1.000] skutocnost =  [0.000 0.000 0.000 0.000 1.000]  predikcia =  [0.001 0.001 0.046 0.028 0.925]  USPECH
380 . finalna predikcia =  [0.000 0.000 0.000 1.000 0.000] skutocnost =  [0.000 0.000 0.000 1.000 0.000]  predikcia =  [0.000 0.003 0.134 0.774 0.089]  USPECH
381 . finalna predikcia =  [0.000 0.000 0.000 1.000 0.000] skutocnost =  [0.000 0.000 0.000 1.000 0.000]  predikcia =  [0.000 0.001 0.063 0.910 0.025]  USPECH
382 . finalna predikcia =  [0.000 0.000 1.000 0.000 0.000] skutocnost =  [0.000 0.000 1.000 0.000 0.000]  predikcia =  [0.001 0.014 0.481 0.464 0.041]  USPECH
383 . finalna predikcia =  [1.000 0.000 0.000 0.000 0.000] skutocnost =  [1.000 0.000 0.000 0.000 0.000]  predikcia =  [1.000 0.000 0.000 0.000 0.000]  USPECH
384 . finalna predikcia =  [0.000 0.000 1.000 0.000 0.000] skutocnost =  [0.000 1.000 0.000 0.000 0.000]  predikcia =  [0.006 0.099 0.570 0.313 0.012]  CHYBA
385 . finalna predikcia =  [0.000 0.000 0.000 1.000 0.000] skutocnost =  [0.000 0.000 1.000 0.000 0.000]  predikcia =  [0.001 0.009 0.469 0.508 0.013]  CHYBA
386 . finalna predikcia =  [0.000 0.000 0.000 0.000 1.000] skutocnost =  [0.000 0.000 0.000 0.000 1.000]  predikcia =  [0.001 0.011 0.172 0.029 0.788]  USPECH
387 . finalna predikcia =  [0.000 0.000 1.000 0.000 0.000] skutocnost =  [0.000 0.000 1.000 0.000 0.000]  predikcia =  [0.006 0.273 0.516 0.204 0.001]  USPECH
388 . finalna predikcia =  [0.000 1.000 0.000 0.000 0.000] skutocnost =  [0.000 1.000 0.000 0.000 0.000]  predikcia =  [0.001 0.931 0.068 0.000 0.000]  USPECH
389 . finalna predikcia =  [0.000 0.000 0.000 1.000 0.000] skutocnost =  [0.000 0.000 0.000 1.000 0.000]  predikcia =  [0.001 0.029 0.065 0.901 0.003]  USPECH
390 . finalna predikcia =  [0.000 0.000 0.000 0.000 1.000] skutocnost =  [0.000 0.000 0.000 0.000 1.000]  predikcia =  [0.000 0.003 0.226 0.038 0.732]  USPECH
391 . finalna predikcia =  [0.000 0.000 1.000 0.000 0.000] skutocnost =  [0.000 0.000 1.000 0.000 0.000]  predikcia =  [0.000 0.223 0.775 0.000 0.001]  USPECH
392 . finalna predikcia =  [0.000 0.000 0.000 0.000 1.000] skutocnost =  [0.000 0.000 0.000 0.000 1.000]  predikcia =  [0.001 0.001 0.067 0.013 0.919]  USPECH
393 . finalna predikcia =  [0.000 0.000 0.000 0.000 1.000] skutocnost =  [0.000 0.000 0.000 0.000 1.000]  predikcia =  [0.000 0.001 0.038 0.145 0.817]  USPECH
394 . finalna predikcia =  [0.000 0.000 0.000 0.000 1.000] skutocnost =  [0.000 0.000 0.000 0.000 1.000]  predikcia =  [0.001 0.003 0.067 0.098 0.832]  USPECH
395 . finalna predikcia =  [0.000 0.000 0.000 1.000 0.000] skutocnost =  [0.000 0.000 0.000 1.000 0.000]  predikcia =  [0.000 0.000 0.033 0.893 0.074]  USPECH
396 . finalna predikcia =  [0.000 0.000 0.000 0.000 1.000] skutocnost =  [0.000 0.000 0.000 0.000 1.000]  predikcia =  [0.000 0.001 0.415 0.003 0.580]  USPECH
397 . finalna predikcia =  [1.000 0.000 0.000 0.000 0.000] skutocnost =  [1.000 0.000 0.000 0.000 0.000]  predikcia =  [0.942 0.051 0.000 0.000 0.007]  USPECH
398 . finalna predikcia =  [0.000 0.000 1.000 0.000 0.000] skutocnost =  [0.000 1.000 0.000 0.000 0.000]  predikcia =  [0.000 0.485 0.511 0.000 0.003]  CHYBA
399 . finalna predikcia =  [0.000 0.000 0.000 0.000 1.000] skutocnost =  [0.000 0.000 0.000 0.000 1.000]  predikcia =  [0.000 0.000 0.049 0.009 0.941]  USPECH
400 . finalna predikcia =  [0.000 0.000 0.000 0.000 1.000] skutocnost =  [0.000 0.000 1.000 0.000 0.000]  predikcia =  [0.001 0.005 0.174 0.034 0.786]  CHYBA
401 . finalna predikcia =  [0.000 0.000 1.000 0.000 0.000] skutocnost =  [0.000 0.000 0.000 0.000 1.000]  predikcia =  [0.002 0.037 0.483 0.368 0.111]  CHYBA
402 . finalna predikcia =  [0.000 0.000 0.000 0.000 1.000] skutocnost =  [0.000 0.000 0.000 0.000 1.000]  predikcia =  [0.000 0.001 0.106 0.016 0.878]  USPECH
403 . finalna predikcia =  [0.000 0.000 1.000 0.000 0.000] skutocnost =  [0.000 0.000 0.000 1.000 0.000]  predikcia =  [0.008 0.045 0.417 0.221 0.310]  CHYBA
404 . finalna predikcia =  [0.000 0.000 0.000 0.000 1.000] skutocnost =  [0.000 0.000 0.000 1.000 0.000]  predikcia =  [0.003 0.003 0.093 0.356 0.545]  CHYBA
405 . finalna predikcia =  [0.000 0.000 0.000 0.000 1.000] skutocnost =  [0.000 0.000 0.000 0.000 1.000]  predikcia =  [0.000 0.001 0.089 0.007 0.903]  USPECH
406 . finalna predikcia =  [0.000 0.000 1.000 0.000 0.000] skutocnost =  [0.000 0.000 1.000 0.000 0.000]  predikcia =  [0.002 0.050 0.487 0.039 0.423]  USPECH
407 . finalna predikcia =  [0.000 0.000 1.000 0.000 0.000] skutocnost =  [0.000 0.000 1.000 0.000 0.000]  predikcia =  [0.001 0.262 0.731 0.004 0.002]  USPECH
408 . finalna predikcia =  [0.000 0.000 0.000 1.000 0.000] skutocnost =  [0.000 0.000 0.000 1.000 0.000]  predikcia =  [0.000 0.001 0.053 0.933 0.013]  USPECH
409 . finalna predikcia =  [0.000 0.000 1.000 0.000 0.000] skutocnost =  [0.000 0.000 1.000 0.000 0.000]  predikcia =  [0.001 0.250 0.739 0.004 0.006]  USPECH
410 . finalna predikcia =  [0.000 0.000 0.000 0.000 1.000] skutocnost =  [0.000 0.000 0.000 0.000 1.000]  predikcia =  [0.002 0.003 0.090 0.330 0.574]  USPECH
411 . finalna predikcia =  [0.000 0.000 0.000 1.000 0.000] skutocnost =  [0.000 0.000 0.000 0.000 1.000]  predikcia =  [0.002 0.003 0.085 0.502 0.407]  CHYBA
412 . finalna predikcia =  [0.000 0.000 1.000 0.000 0.000] skutocnost =  [0.000 0.000 1.000 0.000 0.000]  predikcia =  [0.000 0.410 0.565 0.000 0.025]  USPECH
413 . finalna predikcia =  [0.000 0.000 0.000 1.000 0.000] skutocnost =  [0.000 0.000 1.000 0.000 0.000]  predikcia =  [0.001 0.009 0.346 0.601 0.043]  CHYBA
414 . finalna predikcia =  [0.000 0.000 0.000 0.000 1.000] skutocnost =  [0.000 0.000 0.000 0.000 1.000]  predikcia =  [0.001 0.005 0.224 0.008 0.762]  USPECH
415 . finalna predikcia =  [0.000 0.000 0.000 0.000 1.000] skutocnost =  [0.000 0.000 0.000 1.000 0.000]  predikcia =  [0.008 0.027 0.308 0.090 0.567]  CHYBA
416 . finalna predikcia =  [0.000 0.000 0.000 1.000 0.000] skutocnost =  [0.000 0.000 0.000 0.000 1.000]  predikcia =  [0.001 0.003 0.080 0.894 0.023]  CHYBA
417 . finalna predikcia =  [0.000 0.000 0.000 0.000 1.000] skutocnost =  [0.000 0.000 0.000 0.000 1.000]  predikcia =  [0.000 0.000 0.039 0.012 0.949]  USPECH
418 . finalna predikcia =  [0.000 0.000 0.000 1.000 0.000] skutocnost =  [0.000 0.000 0.000 1.000 0.000]  predikcia =  [0.005 0.077 0.265 0.636 0.018]  USPECH
419 . finalna predikcia =  [0.000 0.000 1.000 0.000 0.000] skutocnost =  [0.000 0.000 1.000 0.000 0.000]  predikcia =  [0.001 0.053 0.678 0.007 0.262]  USPECH
420 . finalna predikcia =  [0.000 0.000 0.000 1.000 0.000] skutocnost =  [0.000 0.000 0.000 1.000 0.000]  predikcia =  [0.001 0.003 0.200 0.725 0.071]  USPECH
421 . finalna predikcia =  [0.000 0.000 0.000 0.000 1.000] skutocnost =  [0.000 0.000 0.000 0.000 1.000]  predikcia =  [0.000 0.000 0.087 0.003 0.910]  USPECH
422 . finalna predikcia =  [0.000 0.000 1.000 0.000 0.000] skutocnost =  [0.000 0.000 1.000 0.000 0.000]  predikcia =  [0.000 0.259 0.725 0.009 0.006]  USPECH
423 . finalna predikcia =  [0.000 0.000 0.000 0.000 1.000] skutocnost =  [0.000 0.000 1.000 0.000 0.000]  predikcia =  [0.001 0.011 0.406 0.048 0.535]  CHYBA
424 . finalna predikcia =  [0.000 0.000 0.000 0.000 1.000] skutocnost =  [0.000 0.000 0.000 0.000 1.000]  predikcia =  [0.000 0.000 0.050 0.017 0.933]  USPECH
425 . finalna predikcia =  [0.000 0.000 1.000 0.000 0.000] skutocnost =  [0.000 0.000 1.000 0.000 0.000]  predikcia =  [0.019 0.353 0.396 0.224 0.008]  USPECH
426 . finalna predikcia =  [0.000 0.000 0.000 1.000 0.000] skutocnost =  [0.000 0.000 0.000 1.000 0.000]  predikcia =  [0.005 0.140 0.180 0.658 0.018]  USPECH
427 . finalna predikcia =  [0.000 0.000 0.000 0.000 1.000] skutocnost =  [0.000 0.000 0.000 0.000 1.000]  predikcia =  [0.000 0.026 0.296 0.003 0.674]  USPECH
428 . finalna predikcia =  [1.000 0.000 0.000 0.000 0.000] skutocnost =  [1.000 0.000 0.000 0.000 0.000]  predikcia =  [0.982 0.018 0.000 0.000 0.000]  USPECH
429 . finalna predikcia =  [0.000 0.000 0.000 1.000 0.000] skutocnost =  [0.000 0.000 0.000 1.000 0.000]  predikcia =  [0.001 0.001 0.069 0.474 0.455]  USPECH
430 . finalna predikcia =  [0.000 0.000 0.000 0.000 1.000] skutocnost =  [0.000 0.000 1.000 0.000 0.000]  predikcia =  [0.000 0.004 0.318 0.017 0.661]  CHYBA
431 . finalna predikcia =  [0.000 0.000 0.000 0.000 1.000] skutocnost =  [0.000 0.000 0.000 0.000 1.000]  predikcia =  [0.001 0.001 0.105 0.255 0.637]  USPECH
432 . finalna predikcia =  [0.000 0.000 0.000 0.000 1.000] skutocnost =  [0.000 0.000 0.000 0.000 1.000]  predikcia =  [0.000 0.000 0.074 0.012 0.913]  USPECH
433 . finalna predikcia =  [0.000 0.000 0.000 1.000 0.000] skutocnost =  [0.000 0.000 0.000 1.000 0.000]  predikcia =  [0.001 0.001 0.088 0.851 0.059]  USPECH
434 . finalna predikcia =  [0.000 0.000 0.000 0.000 1.000] skutocnost =  [0.000 0.000 0.000 0.000 1.000]  predikcia =  [0.000 0.003 0.104 0.006 0.888]  USPECH
435 . finalna predikcia =  [0.000 1.000 0.000 0.000 0.000] skutocnost =  [0.000 0.000 1.000 0.000 0.000]  predikcia =  [0.000 0.634 0.365 0.000 0.001]  CHYBA
436 . finalna predikcia =  [0.000 0.000 0.000 0.000 1.000] skutocnost =  [0.000 0.000 0.000 0.000 1.000]  predikcia =  [0.000 0.001 0.101 0.030 0.869]  USPECH
437 . finalna predikcia =  [0.000 0.000 1.000 0.000 0.000] skutocnost =  [0.000 0.000 1.000 0.000 0.000]  predikcia =  [0.005 0.260 0.707 0.026 0.003]  USPECH
438 . finalna predikcia =  [0.000 0.000 1.000 0.000 0.000] skutocnost =  [0.000 0.000 0.000 1.000 0.000]  predikcia =  [0.000 0.159 0.720 0.001 0.120]  CHYBA
439 . finalna predikcia =  [0.000 0.000 0.000 1.000 0.000] skutocnost =  [0.000 0.000 0.000 1.000 0.000]  predikcia =  [0.000 0.004 0.133 0.693 0.170]  USPECH
440 . finalna predikcia =  [0.000 0.000 0.000 1.000 0.000] skutocnost =  [0.000 0.000 0.000 1.000 0.000]  predikcia =  [0.002 0.006 0.094 0.874 0.025]  USPECH
441 . finalna predikcia =  [0.000 0.000 1.000 0.000 0.000] skutocnost =  [0.000 0.000 0.000 1.000 0.000]  predikcia =  [0.003 0.059 0.480 0.430 0.028]  CHYBA
442 . finalna predikcia =  [0.000 0.000 0.000 0.000 1.000] skutocnost =  [0.000 0.000 0.000 0.000 1.000]  predikcia =  [0.000 0.000 0.062 0.008 0.930]  USPECH
443 . finalna predikcia =  [0.000 0.000 0.000 1.000 0.000] skutocnost =  [0.000 0.000 1.000 0.000 0.000]  predikcia =  [0.025 0.244 0.320 0.407 0.004]  CHYBA
444 . finalna predikcia =  [0.000 0.000 0.000 0.000 1.000] skutocnost =  [0.000 0.000 0.000 1.000 0.000]  predikcia =  [0.002 0.002 0.097 0.222 0.676]  CHYBA
445 . finalna predikcia =  [0.000 0.000 0.000 0.000 1.000] skutocnost =  [0.000 0.000 0.000 0.000 1.000]  predikcia =  [0.000 0.001 0.131 0.005 0.863]  USPECH
446 . finalna predikcia =  [0.000 0.000 0.000 0.000 1.000] skutocnost =  [0.000 0.000 0.000 0.000 1.000]  predikcia =  [0.000 0.000 0.034 0.084 0.881]  USPECH
447 . finalna predikcia =  [0.000 0.000 0.000 0.000 1.000] skutocnost =  [0.000 0.000 0.000 0.000 1.000]  predikcia =  [0.000 0.001 0.203 0.001 0.796]  USPECH
448 . finalna predikcia =  [0.000 0.000 0.000 1.000 0.000] skutocnost =  [0.000 0.000 0.000 1.000 0.000]  predikcia =  [0.003 0.009 0.304 0.610 0.074]  USPECH
449 . finalna predikcia =  [0.000 0.000 0.000 0.000 1.000] skutocnost =  [0.000 0.000 0.000 0.000 1.000]  predikcia =  [0.001 0.001 0.039 0.239 0.720]  USPECH
450 . finalna predikcia =  [0.000 0.000 0.000 0.000 1.000] skutocnost =  [0.000 0.000 0.000 0.000 1.000]  predikcia =  [0.000 0.000 0.020 0.020 0.960]  USPECH
451 . finalna predikcia =  [0.000 0.000 0.000 0.000 1.000] skutocnost =  [0.000 0.000 1.000 0.000 0.000]  predikcia =  [0.000 0.000 0.048 0.026 0.926]  CHYBA
452 . finalna predikcia =  [0.000 1.000 0.000 0.000 0.000] skutocnost =  [0.000 1.000 0.000 0.000 0.000]  predikcia =  [0.000 0.826 0.173 0.000 0.001]  USPECH
453 . finalna predikcia =  [0.000 0.000 0.000 0.000 1.000] skutocnost =  [0.000 0.000 0.000 0.000 1.000]  predikcia =  [0.000 0.007 0.167 0.049 0.777]  USPECH
454 . finalna predikcia =  [0.000 0.000 1.000 0.000 0.000] skutocnost =  [0.000 0.000 1.000 0.000 0.000]  predikcia =  [0.002 0.060 0.559 0.299 0.080]  USPECH
455 . finalna predikcia =  [0.000 0.000 1.000 0.000 0.000] skutocnost =  [0.000 0.000 1.000 0.000 0.000]  predikcia =  [0.000 0.196 0.794 0.000 0.010]  USPECH
456 . finalna predikcia =  [0.000 0.000 0.000 0.000 1.000] skutocnost =  [0.000 0.000 0.000 0.000 1.000]  predikcia =  [0.000 0.001 0.093 0.013 0.893]  USPECH
457 . finalna predikcia =  [0.000 0.000 0.000 1.000 0.000] skutocnost =  [0.000 0.000 0.000 1.000 0.000]  predikcia =  [0.000 0.002 0.091 0.864 0.043]  USPECH
458 . finalna predikcia =  [0.000 0.000 1.000 0.000 0.000] skutocnost =  [0.000 0.000 1.000 0.000 0.000]  predikcia =  [0.007 0.373 0.608 0.012 0.001]  USPECH
459 . finalna predikcia =  [0.000 0.000 0.000 1.000 0.000] skutocnost =  [0.000 0.000 0.000 1.000 0.000]  predikcia =  [0.003 0.045 0.398 0.441 0.113]  USPECH
460 . finalna predikcia =  [0.000 0.000 1.000 0.000 0.000] skutocnost =  [0.000 0.000 1.000 0.000 0.000]  predikcia =  [0.006 0.064 0.587 0.083 0.261]  USPECH
461 . finalna predikcia =  [0.000 0.000 1.000 0.000 0.000] skutocnost =  [0.000 1.000 0.000 0.000 0.000]  predikcia =  [0.000 0.177 0.779 0.004 0.040]  CHYBA
462 . finalna predikcia =  [0.000 0.000 0.000 0.000 1.000] skutocnost =  [0.000 0.000 0.000 0.000 1.000]  predikcia =  [0.000 0.000 0.048 0.041 0.911]  USPECH
463 . finalna predikcia =  [0.000 0.000 0.000 1.000 0.000] skutocnost =  [0.000 0.000 0.000 1.000 0.000]  predikcia =  [0.000 0.000 0.018 0.972 0.009]  USPECH
464 . finalna predikcia =  [0.000 0.000 1.000 0.000 0.000] skutocnost =  [0.000 0.000 1.000 0.000 0.000]  predikcia =  [0.005 0.011 0.906 0.057 0.021]  USPECH
465 . finalna predikcia =  [0.000 0.000 0.000 0.000 1.000] skutocnost =  [0.000 0.000 0.000 0.000 1.000]  predikcia =  [0.000 0.000 0.044 0.052 0.903]  USPECH
466 . finalna predikcia =  [0.000 0.000 1.000 0.000 0.000] skutocnost =  [0.000 0.000 1.000 0.000 0.000]  predikcia =  [0.001 0.015 0.949 0.026 0.009]  USPECH
467 . finalna predikcia =  [0.000 0.000 0.000 1.000 0.000] skutocnost =  [0.000 0.000 0.000 1.000 0.000]  predikcia =  [0.000 0.001 0.057 0.924 0.018]  USPECH
468 . finalna predikcia =  [0.000 0.000 0.000 0.000 1.000] skutocnost =  [0.000 0.000 0.000 0.000 1.000]  predikcia =  [0.000 0.000 0.013 0.076 0.911]  USPECH
469 . finalna predikcia =  [1.000 0.000 0.000 0.000 0.000] skutocnost =  [1.000 0.000 0.000 0.000 0.000]  predikcia =  [0.922 0.075 0.000 0.000 0.003]  USPECH
470 . finalna predikcia =  [0.000 0.000 0.000 0.000 1.000] skutocnost =  [0.000 0.000 0.000 0.000 1.000]  predikcia =  [0.001 0.010 0.237 0.061 0.691]  USPECH
471 . finalna predikcia =  [0.000 0.000 0.000 0.000 1.000] skutocnost =  [0.000 0.000 0.000 0.000 1.000]  predikcia =  [0.001 0.009 0.242 0.002 0.747]  USPECH
472 . finalna predikcia =  [0.000 0.000 0.000 1.000 0.000] skutocnost =  [0.000 0.000 1.000 0.000 0.000]  predikcia =  [0.004 0.066 0.367 0.555 0.008]  CHYBA
473 . finalna predikcia =  [0.000 0.000 0.000 0.000 1.000] skutocnost =  [0.000 0.000 0.000 0.000 1.000]  predikcia =  [0.000 0.000 0.050 0.006 0.943]  USPECH
474 . finalna predikcia =  [0.000 0.000 0.000 0.000 1.000] skutocnost =  [0.000 0.000 0.000 0.000 1.000]  predikcia =  [0.001 0.001 0.148 0.076 0.774]  USPECH
475 . finalna predikcia =  [0.000 1.000 0.000 0.000 0.000] skutocnost =  [0.000 0.000 0.000 1.000 0.000]  predikcia =  [0.014 0.387 0.287 0.303 0.009]  CHYBA
476 . finalna predikcia =  [0.000 0.000 0.000 1.000 0.000] skutocnost =  [0.000 0.000 0.000 1.000 0.000]  predikcia =  [0.001 0.004 0.100 0.864 0.032]  USPECH
477 . finalna predikcia =  [0.000 0.000 0.000 0.000 1.000] skutocnost =  [0.000 0.000 0.000 1.000 0.000]  predikcia =  [0.000 0.004 0.124 0.111 0.761]  CHYBA
478 . finalna predikcia =  [0.000 0.000 0.000 0.000 1.000] skutocnost =  [0.000 0.000 0.000 0.000 1.000]  predikcia =  [0.001 0.002 0.192 0.010 0.795]  USPECH
479 . finalna predikcia =  [0.000 0.000 0.000 1.000 0.000] skutocnost =  [0.000 0.000 0.000 1.000 0.000]  predikcia =  [0.000 0.000 0.027 0.963 0.009]  USPECH
480 . finalna predikcia =  [0.000 0.000 1.000 0.000 0.000] skutocnost =  [0.000 0.000 0.000 1.000 0.000]  predikcia =  [0.003 0.030 0.538 0.420 0.010]  CHYBA
481 . finalna predikcia =  [0.000 0.000 0.000 0.000 1.000] skutocnost =  [0.000 0.000 0.000 0.000 1.000]  predikcia =  [0.001 0.004 0.198 0.006 0.791]  USPECH
482 . finalna predikcia =  [0.000 0.000 1.000 0.000 0.000] skutocnost =  [0.000 1.000 0.000 0.000 0.000]  predikcia =  [0.006 0.256 0.446 0.290 0.002]  CHYBA
483 . finalna predikcia =  [0.000 0.000 0.000 1.000 0.000] skutocnost =  [0.000 0.000 0.000 1.000 0.000]  predikcia =  [0.000 0.004 0.135 0.795 0.065]  USPECH
484 . finalna predikcia =  [1.000 0.000 0.000 0.000 0.000] skutocnost =  [1.000 0.000 0.000 0.000 0.000]  predikcia =  [0.999 0.001 0.000 0.000 0.000]  USPECH
485 . finalna predikcia =  [0.000 0.000 1.000 0.000 0.000] skutocnost =  [0.000 0.000 1.000 0.000 0.000]  predikcia =  [0.002 0.006 0.471 0.330 0.191]  USPECH
486 . finalna predikcia =  [0.000 0.000 0.000 0.000 1.000] skutocnost =  [0.000 0.000 0.000 0.000 1.000]  predikcia =  [0.000 0.001 0.046 0.022 0.930]  USPECH
487 . finalna predikcia =  [0.000 0.000 0.000 0.000 1.000] skutocnost =  [0.000 0.000 0.000 0.000 1.000]  predikcia =  [0.000 0.000 0.010 0.030 0.961]  USPECH
488 . finalna predikcia =  [0.000 0.000 1.000 0.000 0.000] skutocnost =  [0.000 0.000 1.000 0.000 0.000]  predikcia =  [0.011 0.206 0.430 0.344 0.008]  USPECH
489 . finalna predikcia =  [0.000 0.000 0.000 1.000 0.000] skutocnost =  [0.000 1.000 0.000 0.000 0.000]  predikcia =  [0.004 0.096 0.378 0.486 0.036]  CHYBA
490 . finalna predikcia =  [0.000 0.000 0.000 1.000 0.000] skutocnost =  [0.000 0.000 0.000 1.000 0.000]  predikcia =  [0.003 0.031 0.274 0.617 0.075]  USPECH
491 . finalna predikcia =  [0.000 0.000 1.000 0.000 0.000] skutocnost =  [0.000 0.000 1.000 0.000 0.000]  predikcia =  [0.004 0.096 0.682 0.187 0.032]  USPECH
492 . finalna predikcia =  [0.000 0.000 0.000 0.000 1.000] skutocnost =  [0.000 0.000 0.000 0.000 1.000]  predikcia =  [0.000 0.006 0.158 0.007 0.828]  USPECH
493 . finalna predikcia =  [0.000 0.000 1.000 0.000 0.000] skutocnost =  [0.000 0.000 1.000 0.000 0.000]  predikcia =  [0.000 0.266 0.709 0.001 0.023]  USPECH
494 . finalna predikcia =  [0.000 0.000 1.000 0.000 0.000] skutocnost =  [0.000 0.000 1.000 0.000 0.000]  predikcia =  [0.002 0.343 0.602 0.047 0.006]  USPECH
495 . finalna predikcia =  [0.000 0.000 0.000 1.000 0.000] skutocnost =  [0.000 0.000 1.000 0.000 0.000]  predikcia =  [0.001 0.002 0.133 0.790 0.075]  CHYBA
496 . finalna predikcia =  [0.000 0.000 1.000 0.000 0.000] skutocnost =  [0.000 0.000 0.000 1.000 0.000]  predikcia =  [0.000 0.025 0.814 0.049 0.111]  CHYBA
497 . finalna predikcia =  [0.000 0.000 0.000 0.000 1.000] skutocnost =  [0.000 0.000 0.000 0.000 1.000]  predikcia =  [0.001 0.002 0.070 0.218 0.709]  USPECH
498 . finalna predikcia =  [0.000 0.000 0.000 1.000 0.000] skutocnost =  [0.000 0.000 0.000 1.000 0.000]  predikcia =  [0.001 0.009 0.390 0.593 0.006]  USPECH
499 . finalna predikcia =  [0.000 0.000 1.000 0.000 0.000] skutocnost =  [0.000 0.000 0.000 1.000 0.000]  predikcia =  [0.004 0.025 0.498 0.413 0.059]  CHYBA
pocet testovacich dat = 500 , pocet chyb = 105 , uspesnost = 79.0 % cas trenovania  0:40:50.794546